PRT1
189
631
4 0 96 (128 -368 256 ) (128 -240 256 ) (128 -240 160 ) (128 -368 160 ) 
4 0 106 (128 -448 256 ) (128 -368 256 ) (128 -368 160 ) (128 -448 160 ) 
4 0 95 (128 -240 256 ) (128 -208 256 ) (128 -208 160 ) (128 -240 160 ) 
4 0 94 (128 -208 256 ) (128 -192 256 ) (128 -192 160 ) (128 -208 160 ) 
4 0 93 (128 -192 256 ) (128 -176 256 ) (128 -176 160 ) (128 -192 160 ) 
4 0 129 (128 -544 160 ) (128 -544 256 ) (128 -448 256 ) (128 -448 160 ) 
4 0 91 (128 -176 256 ) (128 0 256 ) (128 0 160 ) (128 -176 160 ) 
4 0 74 (128 -544 256 ) (128 -544 272 ) (128 0 272 ) (128 0 256 ) 
4 0 72 (128 -544 272 ) (128 -544 288 ) (128 80 288 ) (128 80 272 ) 
4 0 59 (496 -544 288 ) (128 -544 288 ) (128 -544 160 ) (496 -544 160 ) 
4 0 56 (624 -544 160 ) (624 -544 288 ) (496 -544 288 ) (496 -544 160 ) 
4 0 12 (496 -544 160 ) (128 -544 160 ) (128 -480 160 ) (496 -480 160 ) 
4 0 11 (624 -416 160 ) (624 -480 160 ) (128 -480 160 ) (128 -416 160 ) 
4 0 10 (496 -416 160 ) (128 -416 160 ) (128 -352 160 ) (496 -352 160 ) 
4 0 9 (624 -304 160 ) (624 -352 160 ) (128 -352 160 ) (128 -304 160 ) 
4 0 8 (496 -304 160 ) (128 -304 160 ) (128 -240 160 ) (496 -240 160 ) 
4 0 4 (624 -96 160 ) (624 -128 160 ) (496 -128 160 ) (496 -96 160 ) 
4 0 5 (496 -192 160 ) (432 -192 160 ) (432 -96 160 ) (496 -96 160 ) 
4 0 6 (624 -192 160 ) (624 -240 160 ) (432 -240 160 ) (432 -192 160 ) 
4 0 3 (496 -96 160 ) (432 -96 160 ) (432 -32 160 ) (496 -32 160 ) 
4 0 2 (560 -32 160 ) (432 -32 160 ) (432 16 160 ) (560 16 160 ) 
4 0 1 (624 80 160 ) (624 -32 160 ) (560 -32 160 ) (560 80 160 ) 
4 0 7 (432 -240 160 ) (128 -240 160 ) (128 80 160 ) (432 80 160 ) 
4 1 13 (560 80 144 ) (624 80 144 ) (624 16 144 ) (560 16 144 ) 
4 1 17 (624 16 144 ) (624 -32 144 ) (560 -32 144 ) (560 16 144 ) 
4 1 2 (560 16 144 ) (560 -32 144 ) (560 -32 160 ) (560 16 160 ) 
4 2 17 (560 16 144 ) (560 -32 144 ) (432 -32 144 ) (432 16 144 ) 
4 2 3 (432 -32 160 ) (432 -32 144 ) (496 -32 144 ) (496 -32 160 ) 
4 2 7 (432 16 144 ) (432 -32 144 ) (432 -32 160 ) (432 16 160 ) 
4 3 17 (496 -96 144 ) (432 -96 144 ) (432 -32 144 ) (496 -32 144 ) 
4 3 5 (432 -96 144 ) (496 -96 144 ) (496 -96 160 ) (432 -96 160 ) 
4 3 7 (432 -32 144 ) (432 -96 144 ) (432 -96 160 ) (432 -32 160 ) 
4 4 17 (624 -96 144 ) (624 -128 144 ) (496 -128 144 ) (496 -96 144 ) 
4 4 5 (496 -96 144 ) (496 -128 144 ) (496 -128 160 ) (496 -96 160 ) 
4 5 17 (496 -192 144 ) (432 -192 144 ) (432 -96 144 ) (496 -96 144 ) 
4 5 6 (432 -192 160 ) (432 -192 144 ) (496 -192 144 ) (496 -192 160 ) 
4 5 7 (432 -96 144 ) (432 -192 144 ) (432 -192 160 ) (432 -96 160 ) 
4 6 17 (624 -192 144 ) (624 -240 144 ) (432 -240 144 ) (432 -192 144 ) 
4 6 8 (432 -240 144 ) (496 -240 144 ) (496 -240 160 ) (432 -240 160 ) 
4 6 7 (432 -192 144 ) (432 -240 144 ) (432 -240 160 ) (432 -192 160 ) 
4 7 95 (128 -240 160 ) (128 -208 160 ) (128 -208 144 ) (128 -240 144 ) 
4 7 94 (128 -208 160 ) (128 -192 160 ) (128 -192 144 ) (128 -208 144 ) 
4 7 93 (128 -192 160 ) (128 -176 160 ) (128 -176 144 ) (128 -192 144 ) 
4 7 91 (128 -176 160 ) (128 0 160 ) (128 0 144 ) (128 -176 144 ) 
4 7 15 (368 80 144 ) (400 80 144 ) (400 16 144 ) (368 16 144 ) 
4 7 16 (128 16 144 ) (128 80 144 ) (368 80 144 ) (368 16 144 ) 
4 7 17 (128 -240 144 ) (128 16 144 ) (432 16 144 ) (432 -240 144 ) 
4 7 8 (128 -240 144 ) (432 -240 144 ) (432 -240 160 ) (128 -240 160 ) 
4 8 96 (128 -304 160 ) (128 -240 160 ) (128 -240 144 ) (128 -304 144 ) 
4 8 17 (128 -304 144 ) (128 -240 144 ) (496 -240 144 ) (496 -304 144 ) 
4 8 9 (128 -304 144 ) (496 -304 144 ) (496 -304 160 ) (128 -304 160 ) 
4 9 96 (128 -352 160 ) (128 -304 160 ) (128 -304 144 ) (128 -352 144 ) 
4 9 17 (128 -352 144 ) (128 -304 144 ) (624 -304 144 ) (624 -352 144 ) 
4 9 10 (128 -352 160 ) (128 -352 144 ) (496 -352 144 ) (496 -352 160 ) 
4 10 96 (128 -368 160 ) (128 -352 160 ) (128 -352 144 ) (128 -368 144 ) 
4 10 106 (128 -416 160 ) (128 -368 160 ) (128 -368 144 ) (128 -416 144 ) 
4 10 17 (128 -416 144 ) (128 -352 144 ) (496 -352 144 ) (496 -416 144 ) 
4 10 11 (128 -416 160 ) (128 -416 144 ) (496 -416 144 ) (496 -416 160 ) 
4 11 106 (128 -448 160 ) (128 -416 160 ) (128 -416 144 ) (128 -448 144 ) 
4 11 129 (128 -480 160 ) (128 -448 160 ) (128 -448 144 ) (128 -480 144 ) 
4 11 17 (128 -480 144 ) (128 -416 144 ) (624 -416 144 ) (624 -480 144 ) 
4 11 12 (128 -480 144 ) (496 -480 144 ) (496 -480 160 ) (128 -480 160 ) 
4 12 129 (128 -544 144 ) (128 -544 160 ) (128 -480 160 ) (128 -480 144 ) 
4 12 59 (496 -544 160 ) (128 -544 160 ) (128 -544 144 ) (496 -544 144 ) 
4 12 17 (496 -544 144 ) (128 -544 144 ) (128 -480 144 ) (496 -480 144 ) 
4 13 18 (624 80 112 ) (624 16 112 ) (432 16 112 ) (432 80 112 ) 
4 13 14 (432 80 128 ) (432 80 112 ) (432 16 112 ) (432 16 128 ) 
4 13 17 (432 16 112 ) (624 16 112 ) (624 16 144 ) (432 16 144 ) 
4 14 18 (432 16 112 ) (400 16 112 ) (400 80 112 ) (432 80 112 ) 
4 14 17 (400 16 112 ) (432 16 112 ) (432 16 128 ) (400 16 128 ) 
4 15 16 (368 16 128 ) (368 16 144 ) (368 80 144 ) (368 80 128 ) 
4 15 17 (400 16 128 ) (400 16 144 ) (368 16 144 ) (368 16 128 ) 
4 16 30 (208 16 112 ) (128 16 112 ) (128 80 112 ) (208 80 112 ) 
4 16 28 (240 16 112 ) (208 16 112 ) (208 80 112 ) (240 80 112 ) 
4 16 27 (272 16 112 ) (240 16 112 ) (240 80 112 ) (272 80 112 ) 
4 16 24 (304 16 112 ) (272 16 112 ) (272 80 112 ) (304 80 112 ) 
4 16 21 (336 16 112 ) (304 16 112 ) (304 80 112 ) (336 80 112 ) 
4 16 17 (128 16 144 ) (128 16 112 ) (368 16 112 ) (368 16 144 ) 
4 17 96 (128 -368 144 ) (128 -240 144 ) (128 -240 112 ) (128 -368 112 ) 
4 17 106 (128 -448 144 ) (128 -368 144 ) (128 -368 112 ) (128 -448 112 ) 
4 17 95 (128 -240 144 ) (128 -208 144 ) (128 -208 112 ) (128 -240 112 ) 
4 17 94 (128 -208 144 ) (128 -192 144 ) (128 -192 112 ) (128 -208 112 ) 
4 17 93 (128 -192 144 ) (128 -176 144 ) (128 -176 112 ) (128 -192 112 ) 
4 17 129 (128 -544 112 ) (128 -544 144 ) (128 -448 144 ) (128 -448 112 ) 
4 17 91 (128 -176 144 ) (128 0 144 ) (128 0 112 ) (128 -176 112 ) 
4 17 68 (192 -544 144 ) (128 -544 144 ) (128 -544 112 ) (192 -544 112 ) 
4 17 67 (272 -544 144 ) (192 -544 144 ) (192 -544 112 ) (272 -544 112 ) 
4 17 62 (496 -544 144 ) (272 -544 144 ) (272 -544 112 ) (496 -544 112 ) 
4 17 61 (624 -544 112 ) (624 -544 144 ) (496 -544 144 ) (496 -544 112 ) 
4 17 52 (176 -320 112 ) (224 -320 112 ) (224 -448 112 ) (176 -448 112 ) 
4 17 46 (128 -320 112 ) (128 -256 112 ) (144 -256 112 ) (144 -320 112 ) 
4 17 45 (144 -256 112 ) (224 -256 112 ) (224 -320 112 ) (144 -320 112 ) 
4 17 44 (128 -256 112 ) (128 -192 112 ) (224 -192 112 ) (224 -256 112 ) 
4 17 41 (240 -304 112 ) (224 -304 112 ) (224 -224 112 ) (240 -224 112 ) 
4 17 40 (336 -288 112 ) (336 -304 112 ) (240 -304 112 ) (240 -288 112 ) 
4 17 39 (336 -272 112 ) (336 -288 112 ) (240 -288 112 ) (240 -272 112 ) 
4 17 38 (336 -256 112 ) (336 -272 112 ) (240 -272 112 ) (240 -256 112 ) 
4 17 37 (336 -240 112 ) (336 -256 112 ) (240 -256 112 ) (240 -240 112 ) 
4 17 36 (336 -224 112 ) (336 -240 112 ) (240 -240 112 ) (240 -224 112 ) 
4 17 42 (336 -304 112 ) (336 -336 112 ) (224 -336 112 ) (224 -304 112 ) 
4 17 35 (224 -192 112 ) (336 -192 112 ) (336 -224 112 ) (224 -224 112 ) 
4 17 34 (336 -192 112 ) (352 -192 112 ) (352 -336 112 ) (336 -336 112 ) 
4 17 43 (352 -336 112 ) (352 -448 112 ) (224 -448 112 ) (224 -336 112 ) 
4 17 53 (352 -544 112 ) (128 -544 112 ) (128 -448 112 ) (352 -448 112 ) 
4 17 33 (624 -192 112 ) (624 -544 112 ) (352 -544 112 ) (352 -192 112 ) 
4 17 30 (128 -16 112 ) (128 16 112 ) (208 16 112 ) (208 -16 112 ) 
4 17 29 (208 16 112 ) (272 16 112 ) (272 -16 112 ) (208 -16 112 ) 
4 17 25 (272 16 112 ) (304 16 112 ) (304 -16 112 ) (272 -16 112 ) 
4 17 23 (304 16 112 ) (336 16 112 ) (336 -16 112 ) (304 -16 112 ) 
4 17 20 (336 16 112 ) (368 16 112 ) (368 -16 112 ) (336 -16 112 ) 
4 17 32 (368 -192 112 ) (128 -192 112 ) (128 -16 112 ) (368 -16 112 ) 
4 17 18 (624 16 112 ) (624 -192 112 ) (368 -192 112 ) (368 16 112 ) 
4 18 33 (368 -192 16 ) (624 -192 16 ) (624 -192 112 ) (368 -192 112 ) 
4 18 19 (368 80 96 ) (368 80 64 ) (368 16 64 ) (368 16 96 ) 
4 18 20 (368 -16 64 ) (368 -16 112 ) (368 16 112 ) (368 16 64 ) 
4 18 26 (368 80 16 ) (368 -16 16 ) (368 -16 64 ) (368 80 64 ) 
4 18 32 (368 -16 16 ) (368 -192 16 ) (368 -192 112 ) (368 -16 112 ) 
4 19 22 (336 80 80 ) (336 80 64 ) (336 16 64 ) (336 16 80 ) 
4 19 20 (336 16 64 ) (368 16 64 ) (368 16 96 ) (336 16 96 ) 
4 19 26 (336 16 64 ) (336 80 64 ) (368 80 64 ) (368 16 64 ) 
4 20 23 (336 -16 64 ) (336 -16 112 ) (336 16 112 ) (336 16 64 ) 
4 20 32 (368 -16 64 ) (368 -16 112 ) (336 -16 112 ) (336 -16 64 ) 
4 20 26 (368 -16 64 ) (336 -16 64 ) (336 16 64 ) (368 16 64 ) 
4 21 24 (304 80 112 ) (304 80 96 ) (304 16 96 ) (304 16 112 ) 
4 21 23 (336 16 96 ) (336 16 112 ) (304 16 112 ) (304 16 96 ) 
4 22 23 (304 16 64 ) (336 16 64 ) (336 16 80 ) (304 16 80 ) 
4 22 26 (304 16 64 ) (304 80 64 ) (336 80 64 ) (336 16 64 ) 
4 23 25 (304 16 64 ) (304 -16 64 ) (304 -16 112 ) (304 16 112 ) 
4 23 26 (336 -16 64 ) (304 -16 64 ) (304 16 64 ) (336 16 64 ) 
4 23 32 (336 -16 112 ) (304 -16 112 ) (304 -16 64 ) (336 -16 64 ) 
4 24 27 (272 16 112 ) (272 80 112 ) (272 80 80 ) (272 16 80 ) 
4 24 25 (272 16 112 ) (272 16 80 ) (304 16 80 ) (304 16 112 ) 
4 25 29 (272 -16 64 ) (272 -16 112 ) (272 16 112 ) (272 16 64 ) 
4 25 26 (304 -16 64 ) (272 -16 64 ) (272 16 64 ) (304 16 64 ) 
4 25 32 (304 -16 112 ) (272 -16 112 ) (272 -16 64 ) (304 -16 64 ) 
4 26 29 (272 -16 32 ) (272 -16 64 ) (272 16 64 ) (272 16 32 ) 
4 26 32 (272 -16 16 ) (368 -16 16 ) (368 -16 64 ) (272 -16 64 ) 
4 27 29 (272 16 64 ) (272 16 112 ) (240 16 112 ) (240 16 64 ) 
4 27 28 (240 80 112 ) (240 80 64 ) (240 16 64 ) (240 16 112 ) 
4 28 30 (208 80 112 ) (208 80 48 ) (208 16 48 ) (208 16 112 ) 
4 28 29 (240 16 48 ) (240 16 112 ) (208 16 112 ) (208 16 48 ) 
4 29 30 (208 -16 32 ) (208 -16 112 ) (208 16 112 ) (208 16 32 ) 
4 29 32 (272 -16 32 ) (272 -16 112 ) (208 -16 112 ) (208 -16 32 ) 
4 30 91 (128 -16 112 ) (128 0 112 ) (128 0 32 ) (128 -16 32 ) 
4 30 31 (128 -16 32 ) (128 80 32 ) (176 80 32 ) (176 -16 32 ) 
4 30 32 (128 -16 112 ) (128 -16 32 ) (208 -16 32 ) (208 -16 112 ) 
4 31 91 (128 0 16 ) (128 -16 16 ) (128 -16 32 ) (128 0 32 ) 
4 31 32 (128 -16 32 ) (128 -16 16 ) (176 -16 16 ) (176 -16 32 ) 
4 32 93 (128 -192 112 ) (128 -176 112 ) (128 -176 16 ) (128 -192 16 ) 
4 32 91 (128 -176 112 ) (128 -16 112 ) (128 -16 16 ) (128 -176 16 ) 
4 32 49 (128 -192 64 ) (128 -192 32 ) (176 -192 32 ) (176 -192 64 ) 
4 32 48 (192 -192 32 ) (192 -192 64 ) (176 -192 64 ) (176 -192 32 ) 
4 32 47 (192 -192 16 ) (224 -192 16 ) (224 -192 64 ) (192 -192 64 ) 
4 32 44 (128 -192 112 ) (128 -192 64 ) (224 -192 64 ) (224 -192 112 ) 
4 32 35 (224 -192 16 ) (336 -192 16 ) (336 -192 112 ) (224 -192 112 ) 
4 32 34 (352 -192 64 ) (352 -192 112 ) (336 -192 112 ) (336 -192 64 ) 
4 32 33 (352 -192 16 ) (368 -192 16 ) (368 -192 112 ) (352 -192 112 ) 
4 33 62 (496 -544 112 ) (352 -544 112 ) (352 -544 96 ) (496 -544 96 ) 
4 33 61 (624 -544 16 ) (624 -544 112 ) (496 -544 112 ) (496 -544 16 ) 
4 33 34 (352 -192 112 ) (352 -192 64 ) (352 -336 64 ) (352 -336 112 ) 
4 33 43 (352 -336 16 ) (352 -448 16 ) (352 -448 112 ) (352 -336 112 ) 
4 33 53 (352 -448 16 ) (352 -544 16 ) (352 -544 112 ) (352 -448 112 ) 
4 34 40 (336 -288 64 ) (336 -304 64 ) (336 -304 112 ) (336 -288 112 ) 
4 34 39 (336 -272 64 ) (336 -288 64 ) (336 -288 112 ) (336 -272 112 ) 
4 34 38 (336 -256 64 ) (336 -272 64 ) (336 -272 112 ) (336 -256 112 ) 
4 34 37 (336 -240 64 ) (336 -256 64 ) (336 -256 112 ) (336 -240 112 ) 
4 34 36 (336 -224 64 ) (336 -240 64 ) (336 -240 112 ) (336 -224 112 ) 
4 34 42 (336 -304 64 ) (336 -336 64 ) (336 -336 112 ) (336 -304 112 ) 
4 34 35 (336 -192 112 ) (336 -192 64 ) (336 -224 64 ) (336 -224 112 ) 
4 34 43 (352 -336 64 ) (352 -336 112 ) (336 -336 112 ) (336 -336 64 ) 
4 35 47 (224 -192 64 ) (224 -192 16 ) (224 -224 16 ) (224 -224 64 ) 
4 35 44 (224 -192 112 ) (224 -192 64 ) (224 -224 64 ) (224 -224 112 ) 
4 35 41 (240 -224 32 ) (240 -224 112 ) (224 -224 112 ) (224 -224 32 ) 
4 35 36 (336 -224 32 ) (336 -224 112 ) (240 -224 112 ) (240 -224 32 ) 
4 36 41 (240 -224 112 ) (240 -224 32 ) (240 -240 32 ) (240 -240 112 ) 
4 36 37 (240 -240 112 ) (240 -240 48 ) (336 -240 48 ) (336 -240 112 ) 
4 37 41 (240 -256 48 ) (240 -256 112 ) (240 -240 112 ) (240 -240 48 ) 
4 37 38 (336 -256 64 ) (336 -256 112 ) (240 -256 112 ) (240 -256 64 ) 
4 38 41 (240 -272 64 ) (240 -272 112 ) (240 -256 112 ) (240 -256 64 ) 
4 38 39 (336 -272 64 ) (336 -272 112 ) (240 -272 112 ) (240 -272 64 ) 
4 39 41 (240 -288 48 ) (240 -288 112 ) (240 -272 112 ) (240 -272 48 ) 
4 39 40 (240 -288 112 ) (240 -288 48 ) (336 -288 48 ) (336 -288 112 ) 
4 40 41 (240 -304 32 ) (240 -304 112 ) (240 -288 112 ) (240 -288 32 ) 
4 40 42 (336 -304 32 ) (336 -304 112 ) (240 -304 112 ) (240 -304 32 ) 
4 41 47 (224 -304 32 ) (224 -304 64 ) (224 -224 64 ) (224 -224 32 ) 
4 41 45 (224 -304 64 ) (224 -304 112 ) (224 -256 112 ) (224 -256 64 ) 
4 41 44 (224 -256 112 ) (224 -224 112 ) (224 -224 64 ) (224 -256 64 ) 
4 41 42 (224 -304 112 ) (224 -304 32 ) (240 -304 32 ) (240 -304 112 ) 
4 42 52 (224 -320 16 ) (224 -336 16 ) (224 -336 112 ) (224 -320 112 ) 
4 42 47 (224 -304 16 ) (224 -320 16 ) (224 -320 64 ) (224 -304 64 ) 
4 42 45 (224 -320 64 ) (224 -320 112 ) (224 -304 112 ) (224 -304 64 ) 
4 42 43 (224 -336 16 ) (336 -336 16 ) (336 -336 112 ) (224 -336 112 ) 
4 43 52 (224 -336 16 ) (224 -448 16 ) (224 -448 112 ) (224 -336 112 ) 
4 43 53 (224 -448 16 ) (352 -448 16 ) (352 -448 112 ) (224 -448 112 ) 
4 44 108 (128 -256 112 ) (128 -240 112 ) (128 -240 64 ) (128 -256 64 ) 
4 44 95 (128 -240 112 ) (128 -208 112 ) (128 -208 64 ) (128 -240 64 ) 
4 44 94 (128 -208 112 ) (128 -192 112 ) (128 -192 64 ) (128 -208 64 ) 
4 44 51 (128 -240 64 ) (128 -208 64 ) (160 -208 64 ) (160 -240 64 ) 
4 44 50 (160 -208 64 ) (176 -208 64 ) (176 -256 64 ) (160 -256 64 ) 
4 44 49 (128 -208 64 ) (128 -192 64 ) (176 -192 64 ) (176 -208 64 ) 
4 44 48 (176 -192 64 ) (192 -192 64 ) (192 -256 64 ) (176 -256 64 ) 
4 44 47 (192 -192 64 ) (224 -192 64 ) (224 -256 64 ) (192 -256 64 ) 
4 44 46 (128 -256 112 ) (128 -256 80 ) (144 -256 80 ) (144 -256 112 ) 
4 44 45 (144 -256 64 ) (224 -256 64 ) (224 -256 112 ) (144 -256 112 ) 
4 45 52 (176 -320 64 ) (224 -320 64 ) (224 -320 112 ) (176 -320 112 ) 
4 45 50 (160 -256 64 ) (176 -256 64 ) (176 -320 64 ) (160 -320 64 ) 
4 45 48 (176 -256 64 ) (192 -256 64 ) (192 -320 64 ) (176 -320 64 ) 
4 45 47 (192 -256 64 ) (224 -256 64 ) (224 -320 64 ) (192 -320 64 ) 
4 45 46 (144 -320 80 ) (144 -320 112 ) (144 -256 112 ) (144 -256 80 ) 
4 46 110 (128 -320 112 ) (128 -272 112 ) (128 -272 96 ) (128 -320 96 ) 
4 46 109 (128 -272 112 ) (128 -256 112 ) (128 -256 80 ) (128 -272 80 ) 
4 47 52 (192 -320 16 ) (224 -320 16 ) (224 -320 64 ) (192 -320 64 ) 
4 47 48 (192 -192 64 ) (192 -192 32 ) (192 -320 32 ) (192 -320 64 ) 
4 48 52 (192 -320 32 ) (192 -320 64 ) (176 -320 64 ) (176 -320 32 ) 
4 48 50 (176 -320 48 ) (176 -320 64 ) (176 -208 64 ) (176 -208 48 ) 
4 48 49 (176 -208 64 ) (176 -192 64 ) (176 -192 32 ) (176 -208 32 ) 
4 49 94 (128 -192 64 ) (128 -192 32 ) (128 -208 32 ) (128 -208 64 ) 
4 49 51 (128 -208 64 ) (128 -208 48 ) (160 -208 48 ) (160 -208 64 ) 
4 49 50 (176 -208 48 ) (176 -208 64 ) (160 -208 64 ) (160 -208 48 ) 
4 50 51 (160 -208 64 ) (160 -208 48 ) (160 -240 48 ) (160 -240 64 ) 
4 51 95 (128 -240 48 ) (128 -240 64 ) (128 -208 64 ) (128 -208 48 ) 
4 52 53 (176 -448 16 ) (224 -448 16 ) (224 -448 112 ) (176 -448 112 ) 
4 53 129 (128 -544 16 ) (128 -544 112 ) (128 -448 112 ) (128 -448 16 ) 
4 53 68 (192 -544 112 ) (128 -544 112 ) (128 -544 96 ) (192 -544 96 ) 
4 53 67 (272 -544 112 ) (192 -544 112 ) (192 -544 16 ) (272 -544 16 ) 
4 53 62 (352 -544 112 ) (272 -544 112 ) (272 -544 96 ) (352 -544 96 ) 
4 54 60 (624 -880 160 ) (624 -880 256 ) (624 -768 256 ) (624 -768 160 ) 
4 55 61 (624 -896 16 ) (624 -896 128 ) (624 -768 128 ) (624 -768 16 ) 
4 56 60 (624 -704 160 ) (624 -704 288 ) (496 -704 288 ) (496 -704 160 ) 
4 56 59 (496 -544 288 ) (496 -544 160 ) (496 -688 160 ) (496 -688 288 ) 
4 56 58 (624 -704 160 ) (496 -704 160 ) (496 -672 160 ) (624 -672 160 ) 
4 56 57 (496 -608 160 ) (496 -544 160 ) (624 -544 160 ) (624 -608 160 ) 
4 57 61 (496 -544 144 ) (624 -544 144 ) (624 -608 144 ) (496 -608 144 ) 
4 57 59 (496 -544 160 ) (496 -544 144 ) (496 -608 144 ) (496 -608 160 ) 
4 58 61 (624 -672 144 ) (624 -704 144 ) (496 -704 144 ) (496 -672 144 ) 
4 58 59 (496 -672 144 ) (496 -688 144 ) (496 -688 160 ) (496 -672 160 ) 
4 59 159 (128 -544 288 ) (128 -544 144 ) (128 -688 144 ) (128 -688 288 ) 
4 59 69 (128 -688 144 ) (128 -560 144 ) (272 -560 144 ) (272 -688 144 ) 
4 59 68 (128 -560 144 ) (128 -544 144 ) (192 -544 144 ) (192 -560 144 ) 
4 59 67 (192 -544 144 ) (272 -544 144 ) (272 -560 144 ) (192 -560 144 ) 
4 59 66 (400 -688 144 ) (272 -688 144 ) (272 -640 144 ) (400 -640 144 ) 
4 59 65 (416 -688 144 ) (400 -688 144 ) (400 -640 144 ) (416 -640 144 ) 
4 59 64 (272 -640 144 ) (272 -560 144 ) (416 -560 144 ) (416 -640 144 ) 
4 59 63 (496 -560 144 ) (496 -688 144 ) (416 -688 144 ) (416 -560 144 ) 
4 59 62 (272 -544 144 ) (496 -544 144 ) (496 -560 144 ) (272 -560 144 ) 
4 60 168 (128 -896 160 ) (128 -896 192 ) (128 -704 192 ) (128 -704 160 ) 
4 60 161 (128 -896 192 ) (128 -896 224 ) (128 -704 224 ) (128 -704 192 ) 
4 60 160 (128 -896 224 ) (128 -896 288 ) (128 -704 288 ) (128 -704 224 ) 
4 61 70 (496 -896 16 ) (496 -896 144 ) (496 -832 144 ) (496 -832 16 ) 
4 61 63 (496 -832 144 ) (496 -560 144 ) (496 -560 16 ) (496 -832 16 ) 
4 61 62 (496 -560 144 ) (496 -544 144 ) (496 -544 96 ) (496 -560 96 ) 
4 62 67 (272 -560 96 ) (272 -560 144 ) (272 -544 144 ) (272 -544 96 ) 
4 62 64 (416 -560 144 ) (272 -560 144 ) (272 -560 96 ) (416 -560 96 ) 
4 62 63 (496 -560 96 ) (496 -560 144 ) (416 -560 144 ) (416 -560 96 ) 
4 63 70 (496 -832 16 ) (496 -832 144 ) (416 -832 144 ) (416 -832 16 ) 
4 63 65 (416 -832 64 ) (416 -832 144 ) (416 -640 144 ) (416 -640 64 ) 
4 63 64 (416 -560 144 ) (416 -560 16 ) (416 -640 16 ) (416 -640 144 ) 
4 64 69 (272 -640 16 ) (272 -640 144 ) (272 -560 144 ) (272 -560 16 ) 
4 64 66 (400 -640 144 ) (272 -640 144 ) (272 -640 16 ) (400 -640 16 ) 
4 64 65 (416 -640 64 ) (416 -640 144 ) (400 -640 144 ) (400 -640 64 ) 
4 65 70 (416 -832 64 ) (416 -832 144 ) (400 -832 144 ) (400 -832 64 ) 
4 65 66 (400 -640 144 ) (400 -640 64 ) (400 -832 64 ) (400 -832 144 ) 
4 66 70 (400 -832 16 ) (400 -832 144 ) (272 -832 144 ) (272 -832 16 ) 
4 66 69 (272 -832 16 ) (272 -832 144 ) (272 -640 144 ) (272 -640 16 ) 
4 67 69 (272 -560 16 ) (272 -560 144 ) (192 -560 144 ) (192 -560 16 ) 
4 67 68 (192 -560 96 ) (192 -560 144 ) (192 -544 144 ) (192 -544 96 ) 
4 68 169 (128 -560 96 ) (128 -560 144 ) (128 -544 144 ) (128 -544 96 ) 
4 68 69 (128 -560 144 ) (128 -560 96 ) (192 -560 96 ) (192 -560 144 ) 
4 69 170 (128 -832 16 ) (128 -832 96 ) (128 -560 96 ) (128 -560 16 ) 
4 69 169 (128 -832 96 ) (128 -832 144 ) (128 -560 144 ) (128 -560 96 ) 
4 69 70 (128 -832 144 ) (128 -832 16 ) (272 -832 16 ) (272 -832 144 ) 
4 70 170 (128 -896 16 ) (128 -896 96 ) (128 -832 96 ) (128 -832 16 ) 
4 70 169 (128 -896 96 ) (128 -896 144 ) (128 -832 144 ) (128 -832 96 ) 
4 71 177 (128 -1120 16 ) (128 -1120 128 ) (128 -912 128 ) (128 -912 16 ) 
4 72 159 (128 -544 272 ) (128 -544 288 ) (-448 -544 288 ) (-448 -544 272 ) 
4 72 73 (-448 0 272 ) (-448 80 272 ) (-16 80 272 ) (-16 0 272 ) 
4 72 74 (128 -544 272 ) (-448 -544 272 ) (-448 0 272 ) (128 0 272 ) 
4 73 92 (-448 0 256 ) (-448 80 256 ) (-16 80 256 ) (-16 0 256 ) 
4 73 74 (-448 0 256 ) (-16 0 256 ) (-16 0 272 ) (-448 0 272 ) 
4 74 159 (128 -544 256 ) (128 -544 272 ) (-448 -544 272 ) (-448 -544 256 ) 
4 74 138 (-272 -176 256 ) (-256 -176 256 ) (-256 -320 256 ) (-272 -320 256 ) 
4 74 136 (-160 -288 256 ) (-256 -288 256 ) (-256 -272 256 ) (-160 -272 256 ) 
4 74 135 (-256 -272 256 ) (-256 -256 256 ) (-160 -256 256 ) (-160 -272 256 ) 
4 74 134 (-256 -256 256 ) (-256 -240 256 ) (-160 -240 256 ) (-160 -256 256 ) 
4 74 133 (-256 -240 256 ) (-256 -224 256 ) (-160 -224 256 ) (-160 -240 256 ) 
4 74 132 (-256 -224 256 ) (-256 -208 256 ) (-160 -208 256 ) (-160 -224 256 ) 
4 74 131 (-144 -208 256 ) (-144 -288 256 ) (-160 -288 256 ) (-160 -208 256 ) 
4 74 137 (-144 -288 256 ) (-144 -320 256 ) (-256 -320 256 ) (-256 -288 256 ) 
4 74 130 (-256 -176 256 ) (-144 -176 256 ) (-144 -208 256 ) (-256 -208 256 ) 
4 74 139 (-448 -320 256 ) (-448 -176 256 ) (-272 -176 256 ) (-272 -320 256 ) 
4 74 140 (-448 -544 256 ) (-448 -320 256 ) (-144 -320 256 ) (-144 -544 256 ) 
4 74 126 (-80 -320 256 ) (-80 -208 256 ) (-64 -208 256 ) (-64 -320 256 ) 
4 74 127 (-64 -448 256 ) (-80 -448 256 ) (-80 -320 256 ) (-64 -320 256 ) 
4 74 105 (32 -368 256 ) (0 -368 256 ) (0 -304 256 ) (32 -304 256 ) 
4 74 99 (80 -368 256 ) (32 -368 256 ) (32 -304 256 ) (80 -304 256 ) 
4 74 98 (112 -368 256 ) (80 -368 256 ) (80 -304 256 ) (112 -304 256 ) 
4 74 97 (0 -304 256 ) (0 -240 256 ) (112 -240 256 ) (112 -304 256 ) 
4 74 96 (128 -240 256 ) (128 -368 256 ) (112 -368 256 ) (112 -240 256 ) 
4 74 106 (128 -368 256 ) (128 -448 256 ) (0 -448 256 ) (0 -368 256 ) 
4 74 107 (0 -448 256 ) (-64 -448 256 ) (-64 -240 256 ) (0 -240 256 ) 
4 74 95 (128 -208 256 ) (128 -240 256 ) (-64 -240 256 ) (-64 -208 256 ) 
4 74 94 (128 -192 256 ) (128 -208 256 ) (-80 -208 256 ) (-80 -192 256 ) 
4 74 93 (-80 -176 256 ) (128 -176 256 ) (128 -192 256 ) (-80 -192 256 ) 
4 74 128 (-144 -176 256 ) (-80 -176 256 ) (-80 -448 256 ) (-144 -448 256 ) 
4 74 129 (128 -448 256 ) (128 -544 256 ) (-144 -544 256 ) (-144 -448 256 ) 
4 74 91 (-16 0 256 ) (128 0 256 ) (128 -176 256 ) (-16 -176 256 ) 
4 74 92 (-448 -176 256 ) (-448 0 256 ) (-16 0 256 ) (-16 -176 256 ) 
4 75 87 (112 64 171.181375 ) (112 64 256 ) (0 64 256 ) (0 64 171.181375 ) 
4 75 83 (50.377549 65.218840 171.181375 ) (50.374049 65.756683 171.181375 ) (67.561811 65.676144 171.181375 ) (67.564658 65.145849 171.181375 ) 
4 75 81 (50.374049 65.756683 171.181375 ) (50.359451 68 171.181375 ) (67.549337 68 171.181375 ) (67.561811 65.676144 171.181375 ) 
4 75 84 (67.570809 64 171.181375 ) (50.385480 64 171.181375 ) (50.377549 65.218840 171.181375 ) (67.564658 65.145849 171.181375 ) 
4 75 80 (76.164632 64 171.181375 ) (67.570809 64 171.181375 ) (67.549337 68 171.181375 ) (76.143161 68 171.181375 ) 
4 75 79 (50.385480 64 171.181375 ) (41.790544 64 171.181375 ) (41.769072 68 171.181375 ) (50.359451 68 171.181375 ) 
4 75 78 (101.937332 64 171.181375 ) (76.164632 64 171.181375 ) (76.143161 68 171.181375 ) (101.941654 68 171.181375 ) 
4 75 77 (41.790544 64 171.181375 ) (16.010279 64 171.181375 ) (15.988807 68 171.181375 ) (41.769072 68 171.181375 ) 
4 75 76 (112 64 171.181375 ) (101.937332 64 171.181375 ) (101.941654 68 171.181375 ) (112 68 171.181375 ) 
4 75 85 (16.010279 64 171.181375 ) (0 64 171.181375 ) (0 68 171.181375 ) (15.988807 68 171.181375 ) 
4 76 87 (112 64 64 ) (112 64 171.181375 ) (101.937332 64 171.181375 ) (101.937332 64 64 ) 
4 76 83 (101.938969 65.515059 64 ) (101.938413 64.999868 64 ) (101.938413 64.999868 147.796267 ) (101.938969 65.515059 147.793254 ) 
4 76 81 (101.941654 68 147.778718 ) (101.941654 68 64 ) (101.938969 65.515059 64 ) (101.938969 65.515059 147.793254 ) 
4 76 84 (101.938413 64.999868 64 ) (101.937332 64 64 ) (101.937332 64 147.802116 ) (101.938413 64.999868 147.796267 ) 
4 76 78 (101.941654 68 171.181375 ) (101.941654 68 147.778718 ) (101.937332 64 147.802116 ) (101.937332 64 171.181375 ) 
4 76 86 (101.941654 68 64 ) (112 68 64 ) (112 64 64 ) (101.937332 64 64 ) 
3 77 87 (41.790544 64 171.181375 ) (16.010279 64 171.181375 ) (16.010279 64 147.796348 ) 
5 77 83 (16.002952 65.364824 147.796348 ) (16 65.914811 147.796348 ) (29.004086 65.856818 159.591946 ) (33.187897 65.837214 163.386944 ) (33.190203 65.291832 163.386381 ) 
3 77 82 (16 65.914811 147.796348 ) (16 65.917753 147.796348 ) (29.004086 65.856818 159.591946 ) 
4 77 81 (16 65.917753 147.796348 ) (15.988807 68 147.796348 ) (33.178752 68 163.389179 ) (33.187897 65.837214 163.386944 ) 
4 77 84 (16.010279 64 147.796348 ) (16.002952 65.364824 147.796348 ) (33.190203 65.291832 163.386381 ) (33.195666 64 163.385045 ) 
4 77 79 (33.178752 68 163.389179 ) (41.769072 68 171.181375 ) (41.790544 64 171.181375 ) (33.195666 64 163.385045 ) 
4 77 85 (16.010279 64 147.796348 ) (16.010279 64 171.181375 ) (15.988807 68 171.181375 ) (15.988807 68 147.796348 ) 
3 78 87 (101.937332 64 171.181375 ) (76.164632 64 171.181375 ) (101.937332 64 147.802116 ) 
4 78 83 (101.938969 65.515059 147.793254 ) (101.938413 64.999868 147.796267 ) (84.751893 65.072857 163.386366 ) (84.749087 65.595607 163.386366 ) 
4 78 81 (84.736180 68 163.386366 ) (101.941654 68 147.778718 ) (101.938969 65.515059 147.793254 ) (84.749087 65.595607 163.386366 ) 
4 78 84 (101.938413 64.999868 147.796267 ) (101.937332 64 147.802116 ) (84.757652 64 163.386366 ) (84.751893 65.072857 163.386366 ) 
4 78 80 (76.143161 68 171.181375 ) (84.736180 68 163.386366 ) (84.757652 64 163.386366 ) (76.164632 64 171.181375 ) 
3 79 87 (50.385480 64 171.181375 ) (41.790544 64 171.181375 ) (33.195666 64 163.385045 ) 
4 79 83 (33.190203 65.291832 163.386381 ) (33.187897 65.837214 163.386944 ) (50.374049 65.756683 171.181375 ) (50.377549 65.218840 171.181375 ) 
4 79 81 (33.187897 65.837214 163.386944 ) (33.178752 68 163.389179 ) (50.359451 68 171.181375 ) (50.374049 65.756683 171.181375 ) 
4 79 84 (33.195666 64 163.385045 ) (33.190203 65.291832 163.386381 ) (50.377549 65.218840 171.181375 ) (50.385480 64 171.181375 ) 
3 80 87 (76.164632 64 171.181375 ) (67.570809 64 171.181375 ) (84.757652 64 163.386366 ) 
4 80 83 (84.749087 65.595607 163.386366 ) (84.751893 65.072857 163.386366 ) (67.564658 65.145849 171.181375 ) (67.561811 65.676144 171.181375 ) 
4 80 81 (67.549337 68 171.181375 ) (84.736180 68 163.386366 ) (84.749087 65.595607 163.386366 ) (67.561811 65.676144 171.181375 ) 
4 80 84 (84.751893 65.072857 163.386366 ) (84.757652 64 163.386366 ) (67.570809 64 171.181375 ) (67.564658 65.145849 171.181375 ) 
8 81 83 (29.004086 65.856818 64 ) (101.938969 65.515059 64 ) (101.938969 65.515059 147.793254 ) (84.749087 65.595607 163.386366 ) (67.561811 65.676144 171.181375 ) (50.374049 65.756683 171.181375 ) (33.187897 65.837214 163.386944 ) (29.004086 65.856818 159.591946 ) 
4 81 82 (16 65.917753 64 ) (29.004086 65.856818 64 ) (29.004086 65.856818 159.591946 ) (16 65.917753 147.796348 ) 
4 81 85 (16 65.917753 147.796348 ) (15.988807 68 147.796348 ) (15.988807 68 64 ) (16 65.917753 64 ) 
4 81 86 (15.988807 68 64 ) (101.941654 68 64 ) (101.938969 65.515059 64 ) (16 65.917753 64 ) 
3 82 86 (16 65.914811 64 ) (16 65.917753 64 ) (29.004086 65.856818 64 ) 
4 82 85 (16 65.914811 147.796348 ) (16 65.917753 147.796348 ) (16 65.917753 64 ) (16 65.914811 64 ) 
4 82 83 (29.004086 65.856818 159.591946 ) (16 65.914811 147.796348 ) (16 65.914811 64 ) (29.004086 65.856818 64 ) 
5 83 86 (101.938969 65.515059 64 ) (101.938413 64.999868 64 ) (16.002952 65.364824 64 ) (16 65.914811 64 ) (29.004086 65.856818 64 ) 
4 83 85 (16.002952 65.364824 147.796348 ) (16 65.914811 147.796348 ) (16 65.914811 64 ) (16.002952 65.364824 64 ) 
8 83 84 (67.564658 65.145849 171.181375 ) (50.377549 65.218840 171.181375 ) (33.190203 65.291832 163.386381 ) (16.002952 65.364824 147.796348 ) (16.002952 65.364824 64 ) (101.938413 64.999868 64 ) (101.938413 64.999868 147.796267 ) (84.751893 65.072857 163.386366 ) 
8 84 87 (67.570809 64 171.181375 ) (50.385480 64 171.181375 ) (33.195666 64 163.385045 ) (16.010279 64 147.796348 ) (16.010279 64 64 ) (101.937332 64 64 ) (101.937332 64 147.802116 ) (84.757652 64 163.386366 ) 
4 84 86 (101.938413 64.999868 64 ) (101.937332 64 64 ) (16.010279 64 64 ) (16.002952 65.364824 64 ) 
4 84 85 (16.010279 64 64 ) (16.010279 64 147.796348 ) (16.002952 65.364824 147.796348 ) (16.002952 65.364824 64 ) 
4 85 87 (16.010279 64 171.181375 ) (0 64 171.181375 ) (0 64 64 ) (16.010279 64 64 ) 
4 85 86 (0 64 64 ) (0 68 64 ) (15.988807 68 64 ) (16.010279 64 64 ) 
4 87 88 (0 48 256 ) (0 48 64 ) (112 48 64 ) (112 48 256 ) 
4 88 89 (112 32 48 ) (112 32 256 ) (0 32 256 ) (0 32 48 ) 
4 89 90 (112 0 32 ) (0 0 32 ) (0 16 32 ) (112 16 32 ) 
4 89 91 (112 0 32 ) (112 0 256 ) (0 0 256 ) (0 0 32 ) 
4 90 91 (0 0 16 ) (112 0 16 ) (112 0 32 ) (0 0 32 ) 
4 91 93 (-16 -176 16 ) (128 -176 16 ) (128 -176 256 ) (-16 -176 256 ) 
4 91 92 (-16 0 16 ) (-16 -176 16 ) (-16 -176 256 ) (-16 0 256 ) 
4 92 141 (-448 -16 16 ) (-448 -80 16 ) (-448 -80 112 ) (-448 -16 112 ) 
4 92 138 (-256 -176 64 ) (-256 -176 256 ) (-272 -176 256 ) (-272 -176 64 ) 
4 92 130 (-256 -176 16 ) (-144 -176 16 ) (-144 -176 256 ) (-256 -176 256 ) 
4 92 139 (-448 -176 256 ) (-448 -176 16 ) (-272 -176 16 ) (-272 -176 256 ) 
4 92 93 (-80 -176 16 ) (-16 -176 16 ) (-16 -176 256 ) (-80 -176 256 ) 
4 92 128 (-144 -176 16 ) (-80 -176 16 ) (-80 -176 256 ) (-144 -176 256 ) 
4 93 94 (-80 -192 256 ) (-80 -192 32 ) (128 -192 32 ) (128 -192 256 ) 
4 93 128 (-80 -176 256 ) (-80 -176 16 ) (-80 -192 16 ) (-80 -192 256 ) 
4 94 126 (-64 -208 256 ) (-80 -208 256 ) (-80 -208 32 ) (-64 -208 32 ) 
4 94 95 (128 -208 48 ) (128 -208 256 ) (-64 -208 256 ) (-64 -208 48 ) 
4 94 128 (-80 -208 32 ) (-80 -208 256 ) (-80 -192 256 ) (-80 -192 32 ) 
4 95 126 (-64 -208 256 ) (-64 -208 48 ) (-64 -240 48 ) (-64 -240 256 ) 
4 95 115 (-48 -240 112 ) (-64 -240 112 ) (-64 -240 48 ) (-48 -240 48 ) 
4 95 108 (128 -240 64 ) (128 -240 112 ) (-48 -240 112 ) (-48 -240 64 ) 
4 95 97 (112 -240 256 ) (0 -240 256 ) (0 -240 112 ) (112 -240 112 ) 
4 95 96 (128 -240 112 ) (128 -240 256 ) (112 -240 256 ) (112 -240 112 ) 
4 95 107 (0 -240 256 ) (-64 -240 256 ) (-64 -240 112 ) (0 -240 112 ) 
4 96 110 (128 -272 112 ) (128 -320 112 ) (112 -320 112 ) (112 -272 112 ) 
4 96 109 (128 -256 112 ) (128 -272 112 ) (112 -272 112 ) (112 -256 112 ) 
4 96 108 (112 -240 112 ) (128 -240 112 ) (128 -256 112 ) (112 -256 112 ) 
4 96 98 (112 -368 256 ) (112 -304 256 ) (112 -304 128 ) (112 -368 128 ) 
4 96 97 (112 -304 256 ) (112 -240 256 ) (112 -240 112 ) (112 -304 112 ) 
4 96 106 (112 -368 112 ) (128 -368 112 ) (128 -368 256 ) (112 -368 256 ) 
4 97 111 (112 -272 112 ) (112 -288 112 ) (0 -288 112 ) (0 -272 112 ) 
4 97 109 (112 -256 112 ) (112 -272 112 ) (0 -272 112 ) (0 -256 112 ) 
4 97 108 (0 -240 112 ) (112 -240 112 ) (112 -256 112 ) (0 -256 112 ) 
4 97 105 (32 -304 128 ) (32 -304 256 ) (0 -304 256 ) (0 -304 128 ) 
4 97 99 (80 -304 192 ) (80 -304 256 ) (32 -304 256 ) (32 -304 192 ) 
4 97 98 (112 -304 128 ) (112 -304 256 ) (80 -304 256 ) (80 -304 128 ) 
4 97 107 (0 -304 256 ) (0 -240 256 ) (0 -240 112 ) (0 -304 112 ) 
4 98 104 (80 -320 128 ) (80 -368 128 ) (80 -368 153 ) (80 -320 153 ) 
4 98 100 (80 -320 153 ) (80 -368 153 ) (80 -368 192 ) (80 -320 192 ) 
4 98 99 (80 -304 256 ) (80 -304 192 ) (80 -368 192 ) (80 -368 256 ) 
4 98 106 (112 -368 128 ) (112 -368 256 ) (80 -368 256 ) (80 -368 128 ) 
4 99 105 (32 -368 192 ) (32 -368 256 ) (32 -304 256 ) (32 -304 192 ) 
4 99 103 (42 -368 192 ) (32 -368 192 ) (32 -320 192 ) (42 -320 192 ) 
4 99 101 (74 -368 192 ) (42 -368 192 ) (42 -320 192 ) (74 -320 192 ) 
4 99 100 (80 -368 192 ) (74 -368 192 ) (74 -320 192 ) (80 -320 192 ) 
4 99 106 (80 -368 192 ) (80 -368 256 ) (32 -368 256 ) (32 -368 192 ) 
4 100 104 (80 -320 153 ) (80 -368 153 ) (74 -368 153 ) (74 -320 153 ) 
4 100 102 (74 -368 153 ) (74 -368 185 ) (74 -322 185 ) (74 -322 153 ) 
4 100 101 (74 -368 185 ) (74 -368 192 ) (74 -320 192 ) (74 -320 185 ) 
4 100 106 (80 -368 153 ) (80 -368 192 ) (74 -368 192 ) (74 -368 153 ) 
4 101 103 (42 -320 185 ) (42 -368 185 ) (42 -368 192 ) (42 -320 192 ) 
4 101 102 (42 -368 185 ) (42 -322 185 ) (74 -322 185 ) (74 -368 185 ) 
4 101 106 (74 -368 192 ) (42 -368 192 ) (42 -368 185 ) (74 -368 185 ) 
4 102 104 (74 -322 153 ) (74 -368 153 ) (42 -368 153 ) (42 -322 153 ) 
4 102 103 (42 -322 153 ) (42 -368 153 ) (42 -368 185 ) (42 -322 185 ) 
4 102 106 (42 -368 185 ) (42 -368 153 ) (74 -368 153 ) (74 -368 185 ) 
4 103 105 (32 -368 153 ) (32 -368 192 ) (32 -320 192 ) (32 -320 153 ) 
4 103 104 (32 -368 153 ) (32 -320 153 ) (42 -320 153 ) (42 -368 153 ) 
4 103 106 (42 -368 192 ) (32 -368 192 ) (32 -368 153 ) (42 -368 153 ) 
4 104 105 (32 -368 128 ) (32 -368 153 ) (32 -320 153 ) (32 -320 128 ) 
4 104 106 (80 -368 128 ) (80 -368 153 ) (32 -368 153 ) (32 -368 128 ) 
4 105 107 (0 -368 256 ) (0 -304 256 ) (0 -304 128 ) (0 -368 128 ) 
4 105 106 (32 -368 128 ) (32 -368 256 ) (0 -368 256 ) (0 -368 128 ) 
4 106 125 (112 -448 112 ) (0 -448 112 ) (0 -368 112 ) (112 -368 112 ) 
4 106 107 (0 -448 112 ) (0 -448 256 ) (0 -368 256 ) (0 -368 112 ) 
4 106 129 (128 -448 112 ) (128 -448 256 ) (0 -448 256 ) (0 -448 112 ) 
4 107 126 (-64 -320 256 ) (-64 -240 256 ) (-64 -240 112 ) (-64 -320 112 ) 
4 107 127 (-64 -448 112 ) (-64 -448 256 ) (-64 -320 256 ) (-64 -320 112 ) 
4 107 115 (-64 -320 112 ) (-64 -240 112 ) (-48 -240 112 ) (-48 -320 112 ) 
4 107 113 (-16 -320 112 ) (-48 -320 112 ) (-48 -256 112 ) (-16 -256 112 ) 
4 107 112 (0 -288 112 ) (0 -320 112 ) (-16 -320 112 ) (-16 -288 112 ) 
4 107 111 (0 -272 112 ) (0 -288 112 ) (-16 -288 112 ) (-16 -272 112 ) 
4 107 109 (0 -256 112 ) (0 -272 112 ) (-16 -272 112 ) (-16 -256 112 ) 
4 107 108 (-48 -240 112 ) (0 -240 112 ) (0 -256 112 ) (-48 -256 112 ) 
4 107 129 (0 -448 256 ) (-64 -448 256 ) (-64 -448 112 ) (0 -448 112 ) 
4 108 115 (-48 -256 64 ) (-48 -256 112 ) (-48 -240 112 ) (-48 -240 64 ) 
4 108 114 (-48 -256 80 ) (-48 -256 64 ) (-32 -256 64 ) (-32 -256 80 ) 
4 108 113 (-16 -256 112 ) (-48 -256 112 ) (-48 -256 80 ) (-16 -256 80 ) 
4 108 109 (128 -256 80 ) (128 -256 112 ) (-16 -256 112 ) (-16 -256 80 ) 
4 109 113 (-16 -256 112 ) (-16 -256 80 ) (-16 -272 80 ) (-16 -272 112 ) 
4 109 111 (112 -272 112 ) (-16 -272 112 ) (-16 -272 96 ) (112 -272 96 ) 
4 109 110 (128 -272 96 ) (128 -272 112 ) (112 -272 112 ) (112 -272 96 ) 
4 110 111 (112 -272 112 ) (112 -272 96 ) (112 -288 96 ) (112 -288 112 ) 
4 111 113 (-16 -288 96 ) (-16 -288 112 ) (-16 -272 112 ) (-16 -272 96 ) 
4 111 112 (0 -288 112 ) (-16 -288 112 ) (-16 -288 96 ) (0 -288 96 ) 
4 112 113 (-16 -320 96 ) (-16 -320 112 ) (-16 -288 112 ) (-16 -288 96 ) 
4 113 115 (-48 -320 80 ) (-48 -320 112 ) (-48 -256 112 ) (-48 -256 80 ) 
4 113 114 (-32 -320 80 ) (-48 -320 80 ) (-48 -256 80 ) (-32 -256 80 ) 
4 114 115 (-48 -320 64 ) (-48 -320 80 ) (-48 -256 80 ) (-48 -256 64 ) 
4 115 126 (-64 -320 48 ) (-64 -320 112 ) (-64 -240 112 ) (-64 -240 48 ) 
4 116 125 (96 -368 107.181375 ) (96 -368 112 ) (16 -368 112 ) (16 -368 107.181375 ) 
4 116 121 (50.377549 -336.218840 107.181375 ) (50.378973 -336 107.181375 ) (67.565441 -336 107.181375 ) (67.564658 -336.145849 107.181375 ) 
4 116 123 (67.393667 -368 107.181375 ) (50.170739 -368 107.181375 ) (50.374049 -336.756683 107.181375 ) (67.561811 -336.676144 107.181375 ) 
4 116 120 (50.170739 -368 107.181375 ) (41.613402 -368 107.181375 ) (41.785176 -336 107.181375 ) (50.378973 -336 107.181375 ) 
4 116 119 (75.987491 -368 107.181375 ) (67.393667 -368 107.181375 ) (67.565441 -336 107.181375 ) (76.159264 -336 107.181375 ) 
5 116 118 (41.613402 -368 107.181375 ) (16 -368 107.181375 ) (16 -336.914811 107.181375 ) (16.004911 -336 107.181375 ) (41.785176 -336 107.181375 ) 
4 116 117 (96 -368 107.181375 ) (75.987491 -368 107.181375 ) (76.159264 -336 107.181375 ) (96 -336 107.181375 ) 
3 116 124 (16 -336.914811 107.181375 ) (16 -336 107.181375 ) (16.004911 -336 107.181375 ) 
3 117 125 (96 -368 89.027373 ) (96 -368 107.181375 ) (75.987491 -368 107.181375 ) 
4 117 121 (84.752284 -336 99.386366 ) (96 -336 89.183195 ) (96 -336.025088 89.183073 ) (84.751893 -336.072857 99.386366 ) 
4 117 123 (96 -336.542888 89.180551 ) (96 -368 89.027373 ) (84.580510 -368 99.386366 ) (84.749087 -336.595607 99.386366 ) 
4 117 119 (75.987491 -368 107.181375 ) (76.159264 -336 107.181375 ) (84.752284 -336 99.386366 ) (84.580510 -368 99.386366 ) 
3 118 125 (41.613402 -368 107.181375 ) (16 -368 107.181375 ) (16 -368 83.947708 ) 
3 118 122 (16 -336.914811 83.796348 ) (29.004086 -336.856818 95.591946 ) (16 -336.917753 83.796362 ) 
4 118 121 (16.002952 -336.364824 83.796348 ) (16.004911 -336 83.796348 ) (33.191437 -336 99.386079 ) (33.190203 -336.291832 99.386381 ) 
4 118 123 (33.187897 -336.837214 99.386944 ) (33.056123 -368 99.419151 ) (16 -368 83.947708 ) (16 -336.917753 83.796362 ) 
4 118 120 (33.191437 -336 99.386079 ) (41.785176 -336 107.181375 ) (41.613402 -368 107.181375 ) (33.056123 -368 99.419151 ) 
4 118 124 (16.004911 -336 107.181375 ) (16.004911 -336 83.796348 ) (16 -336.914811 83.796348 ) (16 -336.914811 107.181375 ) 
3 119 125 (84.580510 -368 99.386366 ) (75.987491 -368 107.181375 ) (67.393667 -368 107.181375 ) 
4 119 121 (67.564658 -336.145849 107.181375 ) (67.565441 -336 107.181375 ) (84.752284 -336 99.386366 ) (84.751893 -336.072857 99.386366 ) 
4 119 123 (67.393667 -368 107.181375 ) (67.561811 -336.676144 107.181375 ) (84.749087 -336.595607 99.386366 ) (84.580510 -368 99.386366 ) 
3 120 125 (50.170739 -368 107.181375 ) (41.613402 -368 107.181375 ) (33.056123 -368 99.419151 ) 
4 120 121 (33.190203 -336.291832 99.386381 ) (33.191437 -336 99.386079 ) (50.378973 -336 107.181375 ) (50.377549 -336.218840 107.181375 ) 
4 120 123 (33.056123 -368 99.419151 ) (33.187897 -336.837214 99.386944 ) (50.374049 -336.756683 107.181375 ) (50.170739 -368 107.181375 ) 
4 121 124 (16.004911 -336 83.796348 ) (16.004911 -336 16 ) (16.002952 -336.364824 16 ) (16.002952 -336.364824 83.796348 ) 
4 122 123 (29.004086 -336.856818 95.591946 ) (16 -336.917753 83.796362 ) (16 -336.917753 16 ) (29.004086 -336.856818 16 ) 
8 123 125 (16 -368 16 ) (96 -368 16 ) (96 -368 89.027373 ) (84.580510 -368 99.386366 ) (67.393667 -368 107.181375 ) (50.170739 -368 107.181375 ) (33.056123 -368 99.419151 ) (16 -368 83.947708 ) 
4 125 129 (0 -448 16 ) (112 -448 16 ) (112 -448 112 ) (0 -448 112 ) 
4 126 127 (-64 -320 32 ) (-64 -320 256 ) (-80 -320 256 ) (-80 -320 32 ) 
4 126 128 (-80 -320 32 ) (-80 -320 256 ) (-80 -208 256 ) (-80 -208 32 ) 
4 127 128 (-80 -320 16 ) (-80 -448 16 ) (-80 -448 256 ) (-80 -320 256 ) 
4 127 129 (-80 -448 16 ) (-64 -448 16 ) (-64 -448 256 ) (-80 -448 256 ) 
4 128 131 (-144 -288 32 ) (-144 -288 256 ) (-144 -208 256 ) (-144 -208 32 ) 
4 128 137 (-144 -288 16 ) (-144 -320 16 ) (-144 -320 256 ) (-144 -288 256 ) 
4 128 130 (-144 -176 256 ) (-144 -176 16 ) (-144 -208 16 ) (-144 -208 256 ) 
4 128 140 (-144 -320 16 ) (-144 -448 16 ) (-144 -448 256 ) (-144 -320 256 ) 
4 128 129 (-144 -448 16 ) (-80 -448 16 ) (-80 -448 256 ) (-144 -448 256 ) 
4 129 171 (-64 -544 96 ) (-144 -544 96 ) (-144 -544 16 ) (-64 -544 16 ) 
4 129 169 (128 -544 96 ) (128 -544 144 ) (-144 -544 144 ) (-144 -544 96 ) 
4 129 159 (128 -544 144 ) (128 -544 256 ) (-144 -544 256 ) (-144 -544 144 ) 
4 129 140 (-144 -448 16 ) (-144 -544 16 ) (-144 -544 256 ) (-144 -448 256 ) 
4 130 138 (-256 -208 64 ) (-256 -208 256 ) (-256 -176 256 ) (-256 -176 64 ) 
4 130 132 (-160 -208 32 ) (-160 -208 256 ) (-256 -208 256 ) (-256 -208 32 ) 
4 130 131 (-144 -208 32 ) (-144 -208 256 ) (-160 -208 256 ) (-160 -208 32 ) 
4 131 136 (-160 -272 32 ) (-160 -288 32 ) (-160 -288 256 ) (-160 -272 256 ) 
4 131 135 (-160 -272 48 ) (-160 -272 256 ) (-160 -256 256 ) (-160 -256 48 ) 
4 131 134 (-160 -256 64 ) (-160 -256 256 ) (-160 -240 256 ) (-160 -240 64 ) 
4 131 133 (-160 -240 48 ) (-160 -240 256 ) (-160 -224 256 ) (-160 -224 48 ) 
4 131 132 (-160 -208 256 ) (-160 -208 32 ) (-160 -224 32 ) (-160 -224 256 ) 
4 131 137 (-144 -288 32 ) (-144 -288 256 ) (-160 -288 256 ) (-160 -288 32 ) 
4 132 138 (-256 -224 64 ) (-256 -224 256 ) (-256 -208 256 ) (-256 -208 64 ) 
4 132 133 (-160 -224 48 ) (-160 -224 256 ) (-256 -224 256 ) (-256 -224 48 ) 
4 133 138 (-256 -240 64 ) (-256 -240 256 ) (-256 -224 256 ) (-256 -224 64 ) 
4 133 134 (-256 -240 256 ) (-256 -240 64 ) (-160 -240 64 ) (-160 -240 256 ) 
4 134 138 (-256 -256 64 ) (-256 -256 256 ) (-256 -240 256 ) (-256 -240 64 ) 
4 134 135 (-256 -256 256 ) (-256 -256 64 ) (-160 -256 64 ) (-160 -256 256 ) 
4 135 138 (-256 -272 64 ) (-256 -272 256 ) (-256 -256 256 ) (-256 -256 64 ) 
4 135 136 (-160 -272 48 ) (-160 -272 256 ) (-256 -272 256 ) (-256 -272 48 ) 
4 136 138 (-256 -288 64 ) (-256 -288 256 ) (-256 -272 256 ) (-256 -272 64 ) 
4 136 137 (-256 -288 256 ) (-256 -288 32 ) (-160 -288 32 ) (-160 -288 256 ) 
4 137 138 (-256 -320 64 ) (-256 -320 256 ) (-256 -288 256 ) (-256 -288 64 ) 
4 137 140 (-256 -320 16 ) (-144 -320 16 ) (-144 -320 256 ) (-256 -320 256 ) 
4 138 140 (-256 -320 64 ) (-256 -320 256 ) (-272 -320 256 ) (-272 -320 64 ) 
4 138 139 (-272 -176 256 ) (-272 -176 64 ) (-272 -320 64 ) (-272 -320 256 ) 
4 139 151 (-448 -176 112 ) (-448 -176 16 ) (-448 -240 16 ) (-448 -240 112 ) 
4 139 140 (-448 -320 256 ) (-448 -320 16 ) (-272 -320 16 ) (-272 -320 256 ) 
4 140 172 (-448 -544 96 ) (-448 -544 16 ) (-176 -544 16 ) (-176 -544 96 ) 
4 140 171 (-176 -544 16 ) (-144 -544 16 ) (-144 -544 96 ) (-176 -544 96 ) 
4 140 169 (-448 -544 144 ) (-448 -544 96 ) (-144 -544 96 ) (-144 -544 144 ) 
4 140 159 (-144 -544 256 ) (-448 -544 256 ) (-448 -544 144 ) (-144 -544 144 ) 
4 140 153 (-448 -416 112 ) (-448 -352 112 ) (-448 -352 16 ) (-448 -416 16 ) 
4 141 150 (-464 -64 16 ) (-464 -80 16 ) (-464 -80 96 ) (-464 -64 96 ) 
4 141 143 (-464 -32 16 ) (-464 -64 16 ) (-464 -64 96 ) (-464 -32 96 ) 
4 141 142 (-464 -16 16 ) (-464 -32 16 ) (-464 -32 96 ) (-464 -16 96 ) 
4 142 145 (-544 -32 32 ) (-540 -32 32 ) (-540 -32 64 ) (-544 -32 64 ) 
4 142 149 (-560 -32 32 ) (-560 -32 16 ) (-540 -32 16 ) (-540 -32 32 ) 
4 142 144 (-560 -32 96 ) (-560 -32 64 ) (-540 -32 64 ) (-540 -32 96 ) 
4 142 143 (-540 -32 16 ) (-464 -32 16 ) (-464 -32 96 ) (-540 -32 96 ) 
4 143 150 (-540 -64 16 ) (-464 -64 16 ) (-464 -64 96 ) (-540 -64 96 ) 
4 143 148 (-540 -64 32 ) (-540 -64 44 ) (-540 -44 44 ) (-540 -44 32 ) 
4 143 147 (-540 -64 44 ) (-540 -64 52 ) (-540 -52 52 ) (-540 -52 44 ) 
4 143 146 (-540 -64 52 ) (-540 -64 64 ) (-540 -44 64 ) (-540 -44 52 ) 
4 143 145 (-540 -44 64 ) (-540 -32 64 ) (-540 -32 32 ) (-540 -44 32 ) 
4 143 149 (-540 -32 16 ) (-540 -64 16 ) (-540 -64 32 ) (-540 -32 32 ) 
4 143 144 (-540 -64 64 ) (-540 -64 96 ) (-540 -32 96 ) (-540 -32 64 ) 
4 144 150 (-540 -64 64 ) (-540 -64 96 ) (-560 -64 96 ) (-560 -64 64 ) 
4 144 146 (-540 -64 64 ) (-544 -64 64 ) (-544 -44 64 ) (-540 -44 64 ) 
4 144 145 (-544 -32 64 ) (-540 -32 64 ) (-540 -44 64 ) (-544 -44 64 ) 
4 145 148 (-540 -44 32 ) (-540 -44 44 ) (-544 -44 44 ) (-544 -44 32 ) 
4 145 146 (-540 -44 52 ) (-540 -44 64 ) (-544 -44 64 ) (-544 -44 52 ) 
4 145 149 (-544 -32 32 ) (-540 -32 32 ) (-540 -44 32 ) (-544 -44 32 ) 
4 146 150 (-540 -64 52 ) (-540 -64 64 ) (-544 -64 64 ) (-544 -64 52 ) 
4 146 147 (-540 -52 52 ) (-540 -64 52 ) (-544 -64 52 ) (-544 -52 52 ) 
4 147 150 (-540 -64 44 ) (-540 -64 52 ) (-544 -64 52 ) (-544 -64 44 ) 
4 147 148 (-540 -64 44 ) (-544 -64 44 ) (-544 -52 44 ) (-540 -52 44 ) 
4 148 150 (-540 -64 32 ) (-540 -64 44 ) (-544 -64 44 ) (-544 -64 32 ) 
4 148 149 (-544 -44 32 ) (-540 -44 32 ) (-540 -64 32 ) (-544 -64 32 ) 
4 149 150 (-560 -64 16 ) (-540 -64 16 ) (-540 -64 32 ) (-560 -64 32 ) 
4 151 152 (-464 -176 16 ) (-464 -240 16 ) (-464 -240 112 ) (-464 -176 112 ) 
4 153 158 (-464 -400 16 ) (-464 -416 16 ) (-464 -416 96 ) (-464 -400 96 ) 
4 153 155 (-464 -368 16 ) (-464 -400 16 ) (-464 -400 96 ) (-464 -368 96 ) 
4 153 154 (-464 -352 96 ) (-464 -352 16 ) (-464 -368 16 ) (-464 -368 96 ) 
4 154 157 (-576 -368 16 ) (-560 -368 16 ) (-560 -368 64 ) (-576 -368 64 ) 
4 154 156 (-560 -368 64 ) (-560 -368 96 ) (-576 -368 96 ) (-576 -368 64 ) 
4 154 155 (-560 -368 16 ) (-464 -368 16 ) (-464 -368 96 ) (-560 -368 96 ) 
4 155 158 (-560 -400 16 ) (-464 -400 16 ) (-464 -400 96 ) (-560 -400 96 ) 
4 155 157 (-560 -368 64 ) (-560 -368 16 ) (-560 -400 16 ) (-560 -400 64 ) 
4 155 156 (-560 -368 96 ) (-560 -368 64 ) (-560 -400 64 ) (-560 -400 96 ) 
4 156 158 (-576 -400 96 ) (-576 -400 64 ) (-560 -400 64 ) (-560 -400 96 ) 
4 156 157 (-560 -400 64 ) (-576 -400 64 ) (-576 -368 64 ) (-560 -368 64 ) 
4 157 158 (-576 -400 64 ) (-576 -400 16 ) (-560 -400 16 ) (-560 -400 64 ) 
4 159 169 (-448 -688 144 ) (-448 -544 144 ) (128 -544 144 ) (128 -688 144 ) 
4 160 165 (-218 -704 224 ) (-186 -704 224 ) (-186 -705 224 ) (-218 -705 224 ) 
4 160 166 (-186 -707 224 ) (-186 -896 224 ) (-218 -896 224 ) (-218 -707 224 ) 
4 160 167 (-448 -896 224 ) (-448 -704 224 ) (-218 -704 224 ) (-218 -896 224 ) 
4 160 162 (-128 -704 224 ) (-96 -704 224 ) (-96 -706 224 ) (-128 -706 224 ) 
4 160 163 (-186 -704 224 ) (-128 -704 224 ) (-128 -708 224 ) (-186 -708 224 ) 
4 160 164 (-96 -708 224 ) (-96 -896 224 ) (-186 -896 224 ) (-186 -708 224 ) 
4 160 161 (-96 -704 224 ) (128 -704 224 ) (128 -896 224 ) (-96 -896 224 ) 
4 161 168 (128 -896 192 ) (-96 -896 192 ) (-96 -704 192 ) (128 -704 192 ) 
4 161 162 (-96 -704 192 ) (-96 -706 192 ) (-96 -706 224 ) (-96 -704 224 ) 
4 161 164 (-96 -708 192 ) (-96 -896 192 ) (-96 -896 224 ) (-96 -708 224 ) 
4 162 168 (-128 -704 192 ) (-96 -704 192 ) (-96 -706 192 ) (-128 -706 192 ) 
4 162 163 (-128 -704 192 ) (-128 -706 192 ) (-128 -706 224 ) (-128 -704 224 ) 
4 163 168 (-186 -708 192 ) (-186 -704 192 ) (-128 -704 192 ) (-128 -708 192 ) 
4 163 165 (-186 -704 224 ) (-186 -704 192 ) (-186 -705 192 ) (-186 -705 224 ) 
4 163 166 (-186 -707 192 ) (-186 -708 192 ) (-186 -708 224 ) (-186 -707 224 ) 
4 163 164 (-186 -708 224 ) (-186 -708 192 ) (-128 -708 192 ) (-128 -708 224 ) 
4 164 168 (-96 -896 192 ) (-186 -896 192 ) (-186 -708 192 ) (-96 -708 192 ) 
4 164 166 (-186 -708 192 ) (-186 -896 192 ) (-186 -896 224 ) (-186 -708 224 ) 
4 165 168 (-218 -705 192 ) (-218 -704 192 ) (-186 -704 192 ) (-186 -705 192 ) 
4 165 167 (-218 -704 192 ) (-218 -705 192 ) (-218 -705 224 ) (-218 -704 224 ) 
4 166 168 (-186 -896 192 ) (-218 -896 192 ) (-218 -707 192 ) (-186 -707 192 ) 
4 166 167 (-218 -707 192 ) (-218 -896 192 ) (-218 -896 224 ) (-218 -707 224 ) 
4 167 168 (-218 -896 192 ) (-448 -896 192 ) (-448 -704 192 ) (-218 -704 192 ) 
4 169 179 (-448 -736 96 ) (-448 -800 96 ) (-448 -800 112 ) (-448 -736 112 ) 
4 169 178 (-448 -544 112 ) (-448 -544 96 ) (-448 -608 96 ) (-448 -608 112 ) 
4 169 176 (128 -896 96 ) (128 -896 128 ) (0 -896 128 ) (0 -896 96 ) 
4 169 173 (-192 -624 96 ) (-176 -624 96 ) (-176 -816 96 ) (-192 -816 96 ) 
4 169 174 (-448 -816 96 ) (-448 -624 96 ) (-192 -624 96 ) (-192 -816 96 ) 
4 169 172 (-448 -624 96 ) (-448 -544 96 ) (-176 -544 96 ) (-176 -624 96 ) 
4 169 175 (-176 -896 96 ) (-448 -896 96 ) (-448 -816 96 ) (-176 -816 96 ) 
4 169 170 (128 -896 96 ) (-64 -896 96 ) (-64 -560 96 ) (128 -560 96 ) 
4 169 171 (-64 -896 96 ) (-176 -896 96 ) (-176 -544 96 ) (-64 -544 96 ) 
4 170 176 (128 -896 16 ) (128 -896 96 ) (0 -896 96 ) (0 -896 16 ) 
4 170 171 (-64 -560 16 ) (-64 -896 16 ) (-64 -896 96 ) (-64 -560 96 ) 
4 171 173 (-176 -816 96 ) (-176 -624 96 ) (-176 -624 64 ) (-176 -816 64 ) 
4 171 172 (-176 -624 96 ) (-176 -544 96 ) (-176 -544 16 ) (-176 -624 16 ) 
4 171 175 (-176 -896 16 ) (-176 -896 96 ) (-176 -816 96 ) (-176 -816 16 ) 
4 172 178 (-448 -544 96 ) (-448 -544 16 ) (-448 -608 16 ) (-448 -608 96 ) 
4 172 173 (-176 -624 96 ) (-192 -624 96 ) (-192 -624 64 ) (-176 -624 64 ) 
4 172 174 (-192 -624 96 ) (-448 -624 96 ) (-448 -624 16 ) (-192 -624 16 ) 
4 173 174 (-192 -816 64 ) (-192 -816 96 ) (-192 -624 96 ) (-192 -624 64 ) 
4 173 175 (-176 -816 64 ) (-176 -816 96 ) (-192 -816 96 ) (-192 -816 64 ) 
4 174 179 (-448 -736 16 ) (-448 -800 16 ) (-448 -800 96 ) (-448 -736 96 ) 
4 174 175 (-448 -816 96 ) (-448 -816 16 ) (-192 -816 16 ) (-192 -816 96 ) 
4 176 177 (128 -912 16 ) (128 -912 128 ) (0 -912 128 ) (0 -912 16 ) 
4 179 188 (-464 -784 16 ) (-464 -800 16 ) (-464 -800 96 ) (-464 -784 96 ) 
4 179 180 (-464 -736 96 ) (-464 -736 16 ) (-464 -784 16 ) (-464 -784 96 ) 
4 180 188 (-540 -784 16 ) (-464 -784 16 ) (-464 -784 96 ) (-540 -784 96 ) 
4 180 186 (-540 -784 32 ) (-540 -784 44 ) (-540 -752 44 ) (-540 -752 32 ) 
4 180 187 (-540 -752 16 ) (-540 -784 16 ) (-540 -784 32 ) (-540 -752 32 ) 
4 180 185 (-540 -784 44 ) (-540 -784 64 ) (-540 -772 64 ) (-540 -772 44 ) 
4 180 184 (-540 -772 64 ) (-540 -764 64 ) (-540 -764 52 ) (-540 -772 52 ) 
4 180 183 (-540 -764 64 ) (-540 -752 64 ) (-540 -752 44 ) (-540 -764 44 ) 
4 180 182 (-540 -736 16 ) (-540 -752 16 ) (-540 -752 64 ) (-540 -736 64 ) 
4 180 181 (-540 -784 64 ) (-540 -784 96 ) (-540 -736 96 ) (-540 -736 64 ) 
4 181 188 (-560 -784 96 ) (-560 -784 64 ) (-540 -784 64 ) (-540 -784 96 ) 
4 181 185 (-540 -784 64 ) (-544 -784 64 ) (-544 -772 64 ) (-540 -772 64 ) 
4 181 184 (-544 -764 64 ) (-540 -764 64 ) (-540 -772 64 ) (-544 -772 64 ) 
4 181 183 (-544 -752 64 ) (-540 -752 64 ) (-540 -764 64 ) (-544 -764 64 ) 
4 181 182 (-560 -752 64 ) (-560 -736 64 ) (-540 -736 64 ) (-540 -752 64 ) 
4 182 186 (-544 -752 32 ) (-540 -752 32 ) (-540 -752 44 ) (-544 -752 44 ) 
4 182 187 (-560 -752 32 ) (-560 -752 16 ) (-540 -752 16 ) (-540 -752 32 ) 
4 182 183 (-544 -752 44 ) (-540 -752 44 ) (-540 -752 64 ) (-544 -752 64 ) 
4 183 186 (-544 -752 44 ) (-540 -752 44 ) (-540 -764 44 ) (-544 -764 44 ) 
4 183 184 (-540 -764 52 ) (-540 -764 64 ) (-544 -764 64 ) (-544 -764 52 ) 
4 184 185 (-544 -772 52 ) (-540 -772 52 ) (-540 -772 64 ) (-544 -772 64 ) 
4 185 188 (-544 -784 44 ) (-540 -784 44 ) (-540 -784 64 ) (-544 -784 64 ) 
4 185 186 (-540 -784 44 ) (-544 -784 44 ) (-544 -772 44 ) (-540 -772 44 ) 
4 186 188 (-544 -784 32 ) (-540 -784 32 ) (-540 -784 44 ) (-544 -784 44 ) 
4 186 187 (-544 -752 32 ) (-540 -752 32 ) (-540 -784 32 ) (-544 -784 32 ) 
4 187 188 (-560 -784 32 ) (-560 -784 16 ) (-540 -784 16 ) (-540 -784 32 ) 
