PRT1
57
188
4 0 10 (368 640 16 ) (368 640 144 ) (48 640 144 ) (48 640 16 ) 
4 1 10 (32 640 123.181375 ) (32 640 128 ) (-48 640 128 ) (-48 640 123.181375 ) 
4 1 8 (3.371839 640 123.181375 ) (-13.781684 640 123.181375 ) (-13.625688 669.060660 123.181375 ) (3.561420 669.133651 123.181375 ) 
4 1 6 (-13.622842 669.590955 123.181375 ) (-13.502552 692 123.181375 ) (3.710219 692 123.181375 ) (3.564920 669.671494 123.181375 ) 
4 1 5 (11.998581 640 123.181375 ) (3.371839 640 123.181375 ) (3.710219 692 123.181375 ) (12.277713 692 123.181375 ) 
4 1 4 (-13.781684 640 123.181375 ) (-22.375222 640 123.181375 ) (-22.096090 692 123.181375 ) (-13.502552 692 123.181375 ) 
4 1 3 (32 640 123.181375 ) (11.998581 640 123.181375 ) (12.277713 692 123.181375 ) (32 692 123.181375 ) 
4 1 2 (-22.375222 640 123.181375 ) (-48 640 123.181375 ) (-48 692 123.181375 ) (-22.096090 692 123.181375 ) 
3 2 10 (-22.375222 640 123.181375 ) (-48 640 123.181375 ) (-48 640 99.937074 ) 
4 2 8 (-30.812924 668.987668 115.386366 ) (-30.968527 640 115.386366 ) (-48 640 99.937074 ) (-48 668.914677 99.796281 ) 
4 2 6 (-48 692 99.683872 ) (-30.689395 692 115.386366 ) (-30.810117 669.510418 115.386366 ) (-48 669.429870 99.793772 ) 
4 2 4 (-30.689395 692 115.386366 ) (-22.096090 692 123.181375 ) (-22.375222 640 123.181375 ) (-30.968527 640 115.386366 ) 
3 3 10 (32 640 105.038283 ) (32 640 123.181375 ) (11.998581 640 123.181375 ) 
3 3 7 (32 669.804735 105.183408 ) (32 669.803137 105.183400 ) (24.934883 669.771629 111.591946 ) 
4 3 8 (32 669.254425 105.180728 ) (32 640 105.038283 ) (20.625264 640 115.356195 ) (20.748766 669.206643 115.386381 ) 
4 3 6 (20.845149 692 115.409938 ) (32 692 105.291481 ) (32 669.804735 105.183408 ) (20.751072 669.752025 115.386944 ) 
4 3 5 (11.998581 640 123.181375 ) (12.277713 692 123.181375 ) (20.845149 692 115.409938 ) (20.625264 640 115.356195 ) 
3 4 10 (-13.781684 640 123.181375 ) (-22.375222 640 123.181375 ) (-30.968527 640 115.386366 ) 
4 4 8 (-30.968527 640 115.386366 ) (-30.812924 668.987668 115.386366 ) (-13.625688 669.060660 123.181375 ) (-13.781684 640 123.181375 ) 
4 4 6 (-30.810117 669.510418 115.386366 ) (-30.689395 692 115.386366 ) (-13.502552 692 123.181375 ) (-13.622842 669.590955 123.181375 ) 
3 5 10 (20.625264 640 115.356195 ) (11.998581 640 123.181375 ) (3.371839 640 123.181375 ) 
4 5 8 (3.371839 640 123.181375 ) (3.561420 669.133651 123.181375 ) (20.748766 669.206643 115.386381 ) (20.625264 640 115.356195 ) 
4 5 6 (3.564920 669.671494 123.181375 ) (3.710219 692 123.181375 ) (20.845149 692 115.409938 ) (20.751072 669.752025 115.386944 ) 
4 6 7 (32 669.804735 16 ) (32 669.804735 105.183408 ) (24.934883 669.771629 111.591946 ) (24.934883 669.771629 16 ) 
8 8 10 (32 640 16 ) (32 640 105.038283 ) (20.625264 640 115.356195 ) (3.371839 640 123.181375 ) (-13.781684 640 123.181375 ) (-30.968527 640 115.386366 ) (-48 640 99.937074 ) (-48 640 16 ) 
4 9 10 (-64 640 16 ) (-64 640 144 ) (-336 640 144 ) (-336 640 16 ) 
4 10 56 (-336 -119.170378 144 ) (-336 -119.170378 16 ) (-208 -119.170378 16 ) (-208 -119.170378 144 ) 
4 10 55 (-208 -119.170378 16 ) (-192 -119.170378 16 ) (-192 -119.170378 144 ) (-208 -119.170378 144 ) 
4 10 45 (-192 -119.170378 16 ) (-174.500000 -119.170378 16 ) (-174.500000 -119.170378 19.177084 ) (-192 -119.170378 19.177084 ) 
4 10 43 (-131.500000 -119.170378 16 ) (-96 -119.170378 16 ) (-96 -119.170378 19.177084 ) (-131.500000 -119.170378 19.177084 ) 
4 10 42 (-96 -119.170378 19.177084 ) (-96 -119.170378 144 ) (-192 -119.170378 144 ) (-192 -119.170378 19.177084 ) 
4 10 40 (-96 -119.170378 16 ) (-32 -119.170378 16 ) (-32 -119.170378 144 ) (-96 -119.170378 144 ) 
4 10 29 (28.500000 -119.170378 19.177084 ) (28.500000 -119.170378 128 ) (-14.500000 -119.170378 128 ) (-14.500000 -119.170378 19.177084 ) 
4 10 30 (-32 -119.170378 16 ) (-14.500000 -119.170378 16 ) (-14.500000 -119.170378 128 ) (-32 -119.170378 128 ) 
4 10 28 (28.500000 -119.170378 16 ) (48 -119.170378 16 ) (48 -119.170378 128 ) (28.500000 -119.170378 128 ) 
4 10 27 (48 -119.170378 128 ) (48 -119.170378 144 ) (-32 -119.170378 144 ) (-32 -119.170378 128 ) 
4 10 25 (48 -119.170378 16 ) (128 -119.170378 16 ) (128 -119.170378 144 ) (48 -119.170378 144 ) 
4 10 15 (128 -119.170378 16 ) (145.500000 -119.170378 16 ) (145.500000 -119.170378 19.177084 ) (128 -119.170378 19.177084 ) 
4 10 13 (188.500000 -119.170378 16 ) (224 -119.170378 16 ) (224 -119.170378 19.177084 ) (188.500000 -119.170378 19.177084 ) 
4 10 12 (224 -119.170378 19.177084 ) (224 -119.170378 144 ) (128 -119.170378 144 ) (128 -119.170378 19.177084 ) 
4 10 11 (224 -119.170378 16 ) (368 -119.170378 16 ) (368 -119.170378 144 ) (224 -119.170378 144 ) 
4 11 13 (224 -119.170378 19.177084 ) (224 -119.170378 16 ) (224 -176 16 ) (224 -176 19.177084 ) 
4 11 12 (224 -119.170378 144 ) (224 -119.170378 19.177084 ) (224 -176 19.177084 ) (224 -176 144 ) 
4 12 25 (128 -176 19.177084 ) (128 -176 144 ) (128 -119.170378 144 ) (128 -119.170378 19.177084 ) 
8 12 21 (128 -176 100.903437 ) (128 -176 19.177084 ) (208 -176 19.177084 ) (208 -176 104.071933 ) (195.573801 -176 115.343617 ) (178.292643 -176 123.181375 ) (161.152986 -176 123.181375 ) (143.966143 -176 115.386366 ) 
3 12 20 (195.573801 -176 115.343617 ) (186.933251 -176 123.181375 ) (178.292643 -176 123.181375 ) 
3 12 19 (161.152986 -176 123.181375 ) (152.559448 -176 123.181375 ) (143.966143 -176 115.386366 ) 
3 12 18 (208 -176 104.071933 ) (208 -176 123.181375 ) (186.933251 -176 123.181375 ) 
3 12 17 (128 -176 123.181375 ) (128 -176 100.903437 ) (152.559448 -176 123.181375 ) 
4 12 16 (208 -176 128 ) (128 -176 128 ) (128 -176 123.181375 ) (208 -176 123.181375 ) 
4 12 14 (188.500000 -162.170378 19.177084 ) (188.500000 -176 19.177084 ) (145.500000 -176 19.177084 ) (145.500000 -162.170378 19.177084 ) 
4 12 15 (128 -176 19.177084 ) (128 -119.170378 19.177084 ) (145.500000 -119.170378 19.177084 ) (145.500000 -176 19.177084 ) 
4 12 13 (188.500000 -119.170378 19.177084 ) (224 -119.170378 19.177084 ) (224 -176 19.177084 ) (188.500000 -176 19.177084 ) 
4 13 21 (188.500000 -176 16 ) (208 -176 16 ) (208 -176 19.177084 ) (188.500000 -176 19.177084 ) 
4 13 14 (188.500000 -162.170378 16 ) (188.500000 -176 16 ) (188.500000 -176 19.177084 ) (188.500000 -162.170378 19.177084 ) 
4 14 21 (145.500000 -176 16 ) (188.500000 -176 16 ) (188.500000 -176 19.177084 ) (145.500000 -176 19.177084 ) 
4 14 15 (145.500000 -162.170378 16 ) (145.500000 -176 16 ) (145.500000 -176 19.177084 ) (145.500000 -162.170378 19.177084 ) 
4 15 25 (128 -119.170378 16 ) (128 -176 16 ) (128 -176 19.177084 ) (128 -119.170378 19.177084 ) 
4 15 21 (128 -176 16 ) (145.500000 -176 16 ) (145.500000 -176 19.177084 ) (128 -176 19.177084 ) 
4 16 22 (178.561420 -217.304029 123.181375 ) (178.564920 -217.841872 123.181375 ) (161.377158 -217.761333 123.181375 ) (161.374312 -217.231037 123.181375 ) 
4 16 21 (161.152986 -176 123.181375 ) (178.292643 -176 123.181375 ) (178.561420 -217.304029 123.181375 ) (161.374312 -217.231037 123.181375 ) 
4 16 24 (178.564920 -217.841872 123.181375 ) (178.631022 -228 123.181375 ) (161.432119 -228 123.181375 ) (161.377158 -217.761333 123.181375 ) 
4 16 20 (178.292643 -176 123.181375 ) (186.933251 -176 123.181375 ) (187.212384 -228 123.181375 ) (178.631022 -228 123.181375 ) 
4 16 19 (152.559448 -176 123.181375 ) (161.152986 -176 123.181375 ) (161.432119 -228 123.181375 ) (152.838581 -228 123.181375 ) 
4 16 18 (186.933251 -176 123.181375 ) (208 -176 123.181375 ) (208 -228 123.181375 ) (187.212384 -228 123.181375 ) 
4 16 17 (128 -228 123.181375 ) (128 -176 123.181375 ) (152.559448 -176 123.181375 ) (152.838581 -228 123.181375 ) 
4 17 22 (128 -217.604933 100.700852 ) (128 -217.089302 100.703363 ) (144.187076 -217.158046 115.386366 ) (144.189883 -217.680796 115.386366 ) 
4 17 21 (128 -217.089302 100.703363 ) (128 -176 100.903437 ) (143.966143 -176 115.386366 ) (144.187076 -217.158046 115.386366 ) 
4 17 24 (144.245275 -228 115.386366 ) (128 -228 100.650236 ) (128 -217.604933 100.700852 ) (144.189883 -217.680796 115.386366 ) 
4 17 19 (152.838581 -228 123.181375 ) (144.245275 -228 115.386366 ) (143.966143 -176 115.386366 ) (152.559448 -176 123.181375 ) 
3 18 23 (208 -217.977974 104.276332 ) (208 -217.979799 104.276341 ) (199.934883 -217.942007 111.591946 ) 
5 18 22 (208 -217.429050 104.273659 ) (208 -217.977974 104.276332 ) (199.934883 -217.942007 111.591946 ) (195.751072 -217.922403 115.386944 ) (195.748766 -217.377021 115.386381 ) 
4 18 21 (195.573801 -176 115.343617 ) (208 -176 104.071933 ) (208 -217.429050 104.273659 ) (195.748766 -217.377021 115.386381 ) 
4 18 24 (208 -217.979799 104.276341 ) (208 -228 104.325131 ) (195.793686 -228 115.397359 ) (195.751072 -217.922403 115.386944 ) 
4 18 20 (187.212384 -228 123.181375 ) (186.933251 -176 123.181375 ) (195.573801 -176 115.343617 ) (195.793686 -228 115.397359 ) 
4 19 22 (144.189883 -217.680796 115.386366 ) (144.187076 -217.158046 115.386366 ) (161.374312 -217.231037 123.181375 ) (161.377158 -217.761333 123.181375 ) 
4 19 21 (144.187076 -217.158046 115.386366 ) (143.966143 -176 115.386366 ) (161.152986 -176 123.181375 ) (161.374312 -217.231037 123.181375 ) 
4 19 24 (161.432119 -228 123.181375 ) (144.245275 -228 115.386366 ) (144.189883 -217.680796 115.386366 ) (161.377158 -217.761333 123.181375 ) 
4 20 22 (195.748766 -217.377021 115.386381 ) (195.751072 -217.922403 115.386944 ) (178.564920 -217.841872 123.181375 ) (178.561420 -217.304029 123.181375 ) 
4 20 21 (195.573801 -176 115.343617 ) (195.748766 -217.377021 115.386381 ) (178.561420 -217.304029 123.181375 ) (178.292643 -176 123.181375 ) 
4 20 24 (195.751072 -217.922403 115.386944 ) (195.793686 -228 115.397359 ) (178.631022 -228 123.181375 ) (178.564920 -217.841872 123.181375 ) 
8 21 22 (128 -217.089302 16 ) (208 -217.429050 16 ) (208 -217.429050 104.273659 ) (195.748766 -217.377021 115.386381 ) (178.561420 -217.304029 123.181375 ) (161.374312 -217.231037 123.181375 ) (144.187076 -217.158046 115.386366 ) (128 -217.089302 100.703363 ) 
8 22 24 (161.377158 -217.761333 123.181375 ) (144.189883 -217.680796 115.386366 ) (128 -217.604933 100.700852 ) (128 -217.604933 16 ) (199.934883 -217.942007 16 ) (199.934883 -217.942007 111.591946 ) (195.751072 -217.922403 115.386944 ) (178.564920 -217.841872 123.181375 ) 
4 22 23 (199.934883 -217.942007 111.591946 ) (199.934883 -217.942007 16 ) (208 -217.977974 16 ) (208 -217.977974 104.276332 ) 
4 23 24 (199.934883 -217.942007 16 ) (208 -217.979799 16 ) (208 -217.979799 104.276341 ) (199.934883 -217.942007 111.591946 ) 
4 25 36 (48 -162.170378 16 ) (48 -176 16 ) (48 -176 104.071933 ) (48 -162.170378 104.004594 ) 
4 25 33 (48 -176 104.071933 ) (48 -176 123.181375 ) (48 -162.170378 123.181375 ) (48 -162.170378 104.004594 ) 
4 25 31 (48 -176 123.181375 ) (48 -176 128 ) (48 -162.170378 128 ) (48 -162.170378 123.181375 ) 
4 25 28 (48 -119.170378 128 ) (48 -119.170378 16 ) (48 -162.170378 16 ) (48 -162.170378 128 ) 
4 25 27 (48 -119.170378 144 ) (48 -119.170378 128 ) (48 -176 128 ) (48 -176 144 ) 
4 25 26 (64 -176 16 ) (112 -176 16 ) (112 -176 144 ) (64 -176 144 ) 
4 27 40 (-32 -119.170378 144 ) (-32 -119.170378 128 ) (-32 -176 128 ) (-32 -176 144 ) 
4 27 31 (48 -162.170378 128 ) (48 -176 128 ) (-32 -176 128 ) (-32 -162.170378 128 ) 
4 27 29 (-14.500000 -119.170378 128 ) (28.500000 -119.170378 128 ) (28.500000 -162.170378 128 ) (-14.500000 -162.170378 128 ) 
4 27 30 (-32 -119.170378 128 ) (-14.500000 -119.170378 128 ) (-14.500000 -162.170378 128 ) (-32 -162.170378 128 ) 
4 27 28 (28.500000 -119.170378 128 ) (48 -119.170378 128 ) (48 -162.170378 128 ) (28.500000 -162.170378 128 ) 
5 28 36 (28.500000 -162.170378 118.511078 ) (28.500000 -162.170378 16 ) (48 -162.170378 16 ) (48 -162.170378 104.004594 ) (35.515321 -162.170378 115.329324 ) 
3 28 35 (28.500000 -162.170378 121.692854 ) (28.500000 -162.170378 118.511078 ) (35.515321 -162.170378 115.329324 ) 
4 28 33 (28.500000 -162.170378 123.181375 ) (28.500000 -162.170378 121.692854 ) (48 -162.170378 104.004594 ) (48 -162.170378 123.181375 ) 
4 28 31 (48 -162.170378 128 ) (28.500000 -162.170378 128 ) (28.500000 -162.170378 123.181375 ) (48 -162.170378 123.181375 ) 
4 28 29 (28.500000 -119.170378 128 ) (28.500000 -119.170378 19.177084 ) (28.500000 -162.170378 19.177084 ) (28.500000 -162.170378 128 ) 
6 29 36 (-14.500000 -162.170378 116.115709 ) (-14.500000 -162.170378 19.177084 ) (28.500000 -162.170378 19.177084 ) (28.500000 -162.170378 118.511078 ) (18.202649 -162.170378 123.181375 ) (1.078750 -162.170378 123.181375 ) 
4 29 35 (28.500000 -162.170378 118.511078 ) (28.500000 -162.170378 121.692854 ) (26.859015 -162.170378 123.181375 ) (18.202649 -162.170378 123.181375 ) 
4 29 34 (-14.500000 -162.170378 116.845072 ) (-14.500000 -162.170378 116.115709 ) (1.078750 -162.170378 123.181375 ) (-7.514788 -162.170378 123.181375 ) 
3 29 33 (28.500000 -162.170378 121.692854 ) (28.500000 -162.170378 123.181375 ) (26.859015 -162.170378 123.181375 ) 
3 29 32 (-14.500000 -162.170378 123.181375 ) (-14.500000 -162.170378 116.845072 ) (-7.514788 -162.170378 123.181375 ) 
4 29 31 (28.500000 -162.170378 128 ) (-14.500000 -162.170378 128 ) (-14.500000 -162.170378 123.181375 ) (28.500000 -162.170378 123.181375 ) 
4 29 30 (-14.500000 -162.170378 19.177084 ) (-14.500000 -162.170378 128 ) (-14.500000 -119.170378 128 ) (-14.500000 -119.170378 19.177084 ) 
4 30 40 (-32 -119.170378 128 ) (-32 -119.170378 16 ) (-32 -162.170378 16 ) (-32 -162.170378 128 ) 
5 30 36 (-32 -162.170378 100.970777 ) (-32 -162.170378 16 ) (-14.500000 -162.170378 16 ) (-14.500000 -162.170378 116.115709 ) (-16.108093 -162.170378 115.386366 ) 
3 30 34 (-14.500000 -162.170378 116.115709 ) (-14.500000 -162.170378 116.845072 ) (-16.108093 -162.170378 115.386366 ) 
4 30 32 (-32 -162.170378 123.181375 ) (-32 -162.170378 100.970777 ) (-14.500000 -162.170378 116.845072 ) (-14.500000 -162.170378 123.181375 ) 
4 30 31 (-14.500000 -162.170378 128 ) (-32 -162.170378 128 ) (-32 -162.170378 123.181375 ) (-14.500000 -162.170378 123.181375 ) 
4 31 40 (-32 -176 128 ) (-32 -162.170378 128 ) (-32 -162.170378 123.181375 ) (-32 -176 123.181375 ) 
4 31 37 (18.561420 -217.304029 123.181375 ) (18.564920 -217.841872 123.181375 ) (1.377158 -217.761333 123.181375 ) (1.374312 -217.231037 123.181375 ) 
4 31 36 (1.078750 -162.170378 123.181375 ) (18.202649 -162.170378 123.181375 ) (18.561420 -217.304029 123.181375 ) (1.374312 -217.231037 123.181375 ) 
4 31 39 (18.564920 -217.841872 123.181375 ) (18.631022 -228 123.181375 ) (1.432119 -228 123.181375 ) (1.377158 -217.761333 123.181375 ) 
4 31 35 (18.202649 -162.170378 123.181375 ) (26.859015 -162.170378 123.181375 ) (27.212384 -228 123.181375 ) (18.631022 -228 123.181375 ) 
4 31 34 (-7.514788 -162.170378 123.181375 ) (1.078750 -162.170378 123.181375 ) (1.432119 -228 123.181375 ) (-7.161419 -228 123.181375 ) 
4 31 33 (26.859015 -162.170378 123.181375 ) (48 -162.170378 123.181375 ) (48 -228 123.181375 ) (27.212384 -228 123.181375 ) 
4 31 32 (-32 -228 123.181375 ) (-32 -162.170378 123.181375 ) (-7.514788 -162.170378 123.181375 ) (-7.161419 -228 123.181375 ) 
4 32 40 (-32 -176 123.181375 ) (-32 -162.170378 123.181375 ) (-32 -162.170378 100.970777 ) (-32 -176 100.903437 ) 
4 32 37 (-32 -217.604933 100.700852 ) (-32 -217.089302 100.703363 ) (-15.812924 -217.158046 115.386366 ) (-15.810117 -217.680796 115.386366 ) 
4 32 36 (-32 -217.089302 100.703363 ) (-32 -162.170378 100.970777 ) (-16.108093 -162.170378 115.386366 ) (-15.812924 -217.158046 115.386366 ) 
4 32 39 (-15.754725 -228 115.386366 ) (-32 -228 100.650236 ) (-32 -217.604933 100.700852 ) (-15.810117 -217.680796 115.386366 ) 
4 32 34 (-7.161419 -228 123.181375 ) (-15.754725 -228 115.386366 ) (-16.108093 -162.170378 115.386366 ) (-7.514788 -162.170378 123.181375 ) 
3 33 38 (48 -217.977974 104.276332 ) (48 -217.979799 104.276341 ) (39.934883 -217.942007 111.591946 ) 
5 33 37 (48 -217.429050 104.273659 ) (48 -217.977974 104.276332 ) (39.934883 -217.942007 111.591946 ) (35.751072 -217.922403 115.386944 ) (35.748766 -217.377021 115.386381 ) 
4 33 36 (35.515321 -162.170378 115.329324 ) (48 -162.170378 104.004594 ) (48 -217.429050 104.273659 ) (35.748766 -217.377021 115.386381 ) 
4 33 39 (48 -217.979799 104.276341 ) (48 -228 104.325131 ) (35.793686 -228 115.397359 ) (35.751072 -217.922403 115.386944 ) 
4 33 35 (27.212384 -228 123.181375 ) (26.859015 -162.170378 123.181375 ) (35.515321 -162.170378 115.329324 ) (35.793686 -228 115.397359 ) 
4 34 37 (-15.810117 -217.680796 115.386366 ) (-15.812924 -217.158046 115.386366 ) (1.374312 -217.231037 123.181375 ) (1.377158 -217.761333 123.181375 ) 
4 34 36 (-15.812924 -217.158046 115.386366 ) (-16.108093 -162.170378 115.386366 ) (1.078750 -162.170378 123.181375 ) (1.374312 -217.231037 123.181375 ) 
4 34 39 (1.432119 -228 123.181375 ) (-15.754725 -228 115.386366 ) (-15.810117 -217.680796 115.386366 ) (1.377158 -217.761333 123.181375 ) 
4 35 37 (35.748766 -217.377021 115.386381 ) (35.751072 -217.922403 115.386944 ) (18.564920 -217.841872 123.181375 ) (18.561420 -217.304029 123.181375 ) 
4 35 36 (35.515321 -162.170378 115.329324 ) (35.748766 -217.377021 115.386381 ) (18.561420 -217.304029 123.181375 ) (18.202649 -162.170378 123.181375 ) 
4 35 39 (35.751072 -217.922403 115.386944 ) (35.793686 -228 115.397359 ) (18.631022 -228 123.181375 ) (18.564920 -217.841872 123.181375 ) 
4 36 40 (-32 -162.170378 16 ) (-32 -176 16 ) (-32 -176 100.903437 ) (-32 -162.170378 100.970777 ) 
8 36 37 (48 -217.429050 104.273659 ) (35.748766 -217.377021 115.386381 ) (18.561420 -217.304029 123.181375 ) (1.374312 -217.231037 123.181375 ) (-15.812924 -217.158046 115.386366 ) (-32 -217.089302 100.703363 ) (-32 -217.089302 16 ) (48 -217.429050 16 ) 
8 37 39 (39.934883 -217.942007 111.591946 ) (35.751072 -217.922403 115.386944 ) (18.564920 -217.841872 123.181375 ) (1.377158 -217.761333 123.181375 ) (-15.810117 -217.680796 115.386366 ) (-32 -217.604933 100.700852 ) (-32 -217.604933 16 ) (39.934883 -217.942007 16 ) 
4 37 38 (39.934883 -217.942007 111.591946 ) (39.934883 -217.942007 16 ) (48 -217.977974 16 ) (48 -217.977974 104.276332 ) 
4 38 39 (48 -217.979799 16 ) (48 -217.979799 104.276341 ) (39.934883 -217.942007 111.591946 ) (39.934883 -217.942007 16 ) 
4 40 43 (-96 -119.170378 16 ) (-96 -176 16 ) (-96 -176 19.177084 ) (-96 -119.170378 19.177084 ) 
4 40 42 (-96 -176 19.177084 ) (-96 -176 144 ) (-96 -119.170378 144 ) (-96 -119.170378 19.177084 ) 
4 40 41 (-96 -176 144 ) (-96 -176 16 ) (-48 -176 16 ) (-48 -176 144 ) 
4 42 55 (-192 -119.170378 144 ) (-192 -119.170378 19.177084 ) (-192 -176 19.177084 ) (-192 -176 144 ) 
8 42 51 (-192 -176 100.903437 ) (-192 -176 19.177084 ) (-112 -176 19.177084 ) (-112 -176 104.071933 ) (-124.426199 -176 115.343617 ) (-141.707357 -176 123.181375 ) (-158.847014 -176 123.181375 ) (-176.033857 -176 115.386366 ) 
3 42 50 (-124.426199 -176 115.343617 ) (-133.066749 -176 123.181375 ) (-141.707357 -176 123.181375 ) 
3 42 49 (-158.847014 -176 123.181375 ) (-167.440552 -176 123.181375 ) (-176.033857 -176 115.386366 ) 
3 42 48 (-112 -176 104.071933 ) (-112 -176 123.181375 ) (-133.066749 -176 123.181375 ) 
3 42 47 (-192 -176 123.181375 ) (-192 -176 100.903437 ) (-167.440552 -176 123.181375 ) 
4 42 46 (-192 -176 128 ) (-192 -176 123.181375 ) (-112 -176 123.181375 ) (-112 -176 128 ) 
4 42 44 (-131.500000 -162.170378 19.177084 ) (-131.500000 -176 19.177084 ) (-174.500000 -176 19.177084 ) (-174.500000 -162.170378 19.177084 ) 
4 42 45 (-192 -176 19.177084 ) (-192 -119.170378 19.177084 ) (-174.500000 -119.170378 19.177084 ) (-174.500000 -176 19.177084 ) 
4 42 43 (-131.500000 -119.170378 19.177084 ) (-96 -119.170378 19.177084 ) (-96 -176 19.177084 ) (-131.500000 -176 19.177084 ) 
4 43 51 (-131.500000 -176 16 ) (-112 -176 16 ) (-112 -176 19.177084 ) (-131.500000 -176 19.177084 ) 
4 43 44 (-131.500000 -162.170378 16 ) (-131.500000 -176 16 ) (-131.500000 -176 19.177084 ) (-131.500000 -162.170378 19.177084 ) 
4 44 51 (-174.500000 -176 16 ) (-131.500000 -176 16 ) (-131.500000 -176 19.177084 ) (-174.500000 -176 19.177084 ) 
4 44 45 (-174.500000 -162.170378 16 ) (-174.500000 -176 16 ) (-174.500000 -176 19.177084 ) (-174.500000 -162.170378 19.177084 ) 
4 45 55 (-192 -119.170378 19.177084 ) (-192 -119.170378 16 ) (-192 -176 16 ) (-192 -176 19.177084 ) 
4 45 51 (-192 -176 19.177084 ) (-192 -176 16 ) (-174.500000 -176 16 ) (-174.500000 -176 19.177084 ) 
4 46 52 (-141.438580 -217.304029 123.181375 ) (-141.435080 -217.841872 123.181375 ) (-158.622842 -217.761333 123.181375 ) (-158.625688 -217.231037 123.181375 ) 
4 46 51 (-158.847014 -176 123.181375 ) (-141.707357 -176 123.181375 ) (-141.438580 -217.304029 123.181375 ) (-158.625688 -217.231037 123.181375 ) 
4 46 54 (-141.435080 -217.841872 123.181375 ) (-141.368978 -228 123.181375 ) (-158.567881 -228 123.181375 ) (-158.622842 -217.761333 123.181375 ) 
4 46 50 (-141.707357 -176 123.181375 ) (-133.066749 -176 123.181375 ) (-132.787616 -228 123.181375 ) (-141.368978 -228 123.181375 ) 
4 46 49 (-167.440552 -176 123.181375 ) (-158.847014 -176 123.181375 ) (-158.567881 -228 123.181375 ) (-167.161419 -228 123.181375 ) 
4 46 48 (-133.066749 -176 123.181375 ) (-112 -176 123.181375 ) (-112 -228 123.181375 ) (-132.787616 -228 123.181375 ) 
4 46 47 (-192 -228 123.181375 ) (-192 -176 123.181375 ) (-167.440552 -176 123.181375 ) (-167.161419 -228 123.181375 ) 
4 47 52 (-192 -217.604933 100.700852 ) (-192 -217.089302 100.703363 ) (-175.812924 -217.158046 115.386366 ) (-175.810117 -217.680796 115.386366 ) 
4 47 51 (-192 -217.089302 100.703363 ) (-192 -176 100.903437 ) (-176.033857 -176 115.386366 ) (-175.812924 -217.158046 115.386366 ) 
4 47 54 (-175.754725 -228 115.386366 ) (-192 -228 100.650236 ) (-192 -217.604933 100.700852 ) (-175.810117 -217.680796 115.386366 ) 
4 47 49 (-167.161419 -228 123.181375 ) (-175.754725 -228 115.386366 ) (-176.033857 -176 115.386366 ) (-167.440552 -176 123.181375 ) 
3 48 53 (-112 -217.977974 104.276332 ) (-112 -217.979799 104.276341 ) (-120.065117 -217.942007 111.591946 ) 
5 48 52 (-112 -217.429050 104.273659 ) (-112 -217.977974 104.276332 ) (-120.065117 -217.942007 111.591946 ) (-124.248928 -217.922403 115.386944 ) (-124.251234 -217.377021 115.386381 ) 
4 48 51 (-124.426199 -176 115.343617 ) (-112 -176 104.071933 ) (-112 -217.429050 104.273659 ) (-124.251234 -217.377021 115.386381 ) 
4 48 54 (-112 -217.979799 104.276341 ) (-112 -228 104.325131 ) (-124.206314 -228 115.397359 ) (-124.248928 -217.922403 115.386944 ) 
4 48 50 (-132.787616 -228 123.181375 ) (-133.066749 -176 123.181375 ) (-124.426199 -176 115.343617 ) (-124.206314 -228 115.397359 ) 
4 49 52 (-175.810117 -217.680796 115.386366 ) (-175.812924 -217.158046 115.386366 ) (-158.625688 -217.231037 123.181375 ) (-158.622842 -217.761333 123.181375 ) 
4 49 51 (-175.812924 -217.158046 115.386366 ) (-176.033857 -176 115.386366 ) (-158.847014 -176 123.181375 ) (-158.625688 -217.231037 123.181375 ) 
4 49 54 (-158.567881 -228 123.181375 ) (-175.754725 -228 115.386366 ) (-175.810117 -217.680796 115.386366 ) (-158.622842 -217.761333 123.181375 ) 
4 50 52 (-124.251234 -217.377021 115.386381 ) (-124.248928 -217.922403 115.386944 ) (-141.435080 -217.841872 123.181375 ) (-141.438580 -217.304029 123.181375 ) 
4 50 51 (-124.426199 -176 115.343617 ) (-124.251234 -217.377021 115.386381 ) (-141.438580 -217.304029 123.181375 ) (-141.707357 -176 123.181375 ) 
4 50 54 (-124.248928 -217.922403 115.386944 ) (-124.206314 -228 115.397359 ) (-141.368978 -228 123.181375 ) (-141.435080 -217.841872 123.181375 ) 
8 51 52 (-112 -217.429050 16 ) (-112 -217.429050 104.273659 ) (-124.251234 -217.377021 115.386381 ) (-141.438580 -217.304029 123.181375 ) (-158.625688 -217.231037 123.181375 ) (-175.812924 -217.158046 115.386366 ) (-192 -217.089302 100.703363 ) (-192 -217.089302 16 ) 
8 52 54 (-158.622842 -217.761333 123.181375 ) (-175.810117 -217.680796 115.386366 ) (-192 -217.604933 100.700852 ) (-192 -217.604933 16 ) (-120.065117 -217.942007 16 ) (-120.065117 -217.942007 111.591946 ) (-124.248928 -217.922403 115.386944 ) (-141.435080 -217.841872 123.181375 ) 
4 52 53 (-120.065117 -217.942007 111.591946 ) (-120.065117 -217.942007 16 ) (-112 -217.977974 16 ) (-112 -217.977974 104.276332 ) 
4 53 54 (-120.065117 -217.942007 16 ) (-112 -217.979799 16 ) (-112 -217.979799 104.276341 ) (-120.065117 -217.942007 111.591946 ) 
4 55 56 (-208 -176 144 ) (-208 -119.170378 144 ) (-208 -119.170378 16 ) (-208 -176 16 ) 
