PRT1
61
176
4 2 12 (80 320 123.181375 ) (80 320 16 ) (80 80 16 ) (80 80 123.181375 ) 
4 2 11 (80 320 176 ) (80 320 123.181375 ) (80 80 123.181375 ) (80 80 176 ) 
4 2 5 (365 52 16 ) (368 52 16 ) (368 52 60 ) (365 52 60 ) 
4 2 3 (368 52 132 ) (368 52 176 ) (365 52 176 ) (365 52 132 ) 
4 2 10 (80 52 16 ) (365 52 16 ) (365 52 176 ) (80 52 176 ) 
4 3 6 (368 -4 176 ) (365 -4 176 ) (365 -4 132 ) (368 -4 132 ) 
4 3 10 (365 52 176 ) (365 52 132 ) (365 -4 132 ) (365 -4 176 ) 
4 4 10 (365 48 64 ) (365 0 64 ) (365 0 128 ) (365 48 128 ) 
4 5 7 (365 -4 16 ) (368 -4 16 ) (368 -4 60 ) (365 -4 60 ) 
4 5 10 (365 52 60 ) (365 52 16 ) (365 -4 16 ) (365 -4 60 ) 
4 6 38 (368 -244 176 ) (365 -244 176 ) (365 -244 132 ) (368 -244 132 ) 
4 6 7 (365 -188 132 ) (365 -4 132 ) (368 -4 132 ) (368 -188 132 ) 
4 6 10 (365 -244 132 ) (365 -244 176 ) (365 -4 176 ) (365 -4 132 ) 
4 7 9 (365 -188 16 ) (368 -188 16 ) (368 -188 60 ) (365 -188 60 ) 
4 7 10 (365 -4 16 ) (365 -188 16 ) (365 -188 132 ) (365 -4 132 ) 
4 8 10 (365 -240 128 ) (365 -192 128 ) (365 -192 64 ) (365 -240 64 ) 
4 9 38 (365 -244 16 ) (368 -244 16 ) (368 -244 60 ) (365 -244 60 ) 
4 9 10 (365 -188 16 ) (365 -244 16 ) (365 -244 60 ) (365 -188 60 ) 
4 10 42 (80 -244 16 ) (112 -244 16 ) (112 -244 64 ) (80 -244 64 ) 
4 10 41 (112 -244 64 ) (112 -244 128 ) (80 -244 128 ) (80 -244 64 ) 
4 10 39 (112 -244 128 ) (112 -244 176 ) (80 -244 176 ) (80 -244 128 ) 
4 10 38 (112 -244 16 ) (365 -244 16 ) (365 -244 176 ) (112 -244 176 ) 
4 10 37 (80 -16 16 ) (80 -244 16 ) (80 -244 176 ) (80 -16 176 ) 
4 11 56 (-80 320 176 ) (-80 320 123.181375 ) (-80 80 123.181375 ) (-80 80 176 ) 
4 11 35 (-80 80 176 ) (-80 80 123.181375 ) (-48 80 123.181375 ) (-48 80 176 ) 
5 11 22 (-32 80 123.181375 ) (64 80 123.181375 ) (64 80 176 ) (16.489289 80 176 ) (-32 80 154.007995 ) 
3 11 21 (16.489289 80 176 ) (-32 80 176 ) (-32 80 154.007995 ) 
4 11 19 (6.564658 319.145849 123.181375 ) (7.848375 80 123.181375 ) (-9.065783 80 123.181375 ) (-10.622451 319.218840 123.181375 ) 
4 11 17 (-10.627534 320 123.181375 ) (6.560073 320 123.181375 ) (6.561811 319.676144 123.181375 ) (-10.625951 319.756683 123.181375 ) 
4 11 16 (-19.220192 320 123.181375 ) (-10.627534 320 123.181375 ) (-9.065783 80 123.181375 ) (-17.931890 80 123.181375 ) 
4 11 15 (6.560073 320 123.181375 ) (15.153897 320 123.181375 ) (16.442199 80 123.181375 ) (7.848375 80 123.181375 ) 
4 11 14 (-45.000457 320 123.181375 ) (-19.220192 320 123.181375 ) (-17.931890 80 123.181375 ) (-43.712155 80 123.181375 ) 
4 11 13 (15.153897 320 123.181375 ) (40.939493 320 123.181375 ) (40.680164 80 123.181375 ) (16.442199 80 123.181375 ) 
4 11 20 (-80 80 123.181375 ) (-80 320 123.181375 ) (-45.000457 320 123.181375 ) (-43.712155 80 123.181375 ) 
4 11 12 (40.939493 320 123.181375 ) (80 320 123.181375 ) (80 80 123.181375 ) (40.680164 80 123.181375 ) 
4 12 22 (40.680164 80 16 ) (64 80 16 ) (64 80 123.181375 ) (40.680164 80 123.181375 ) 
4 12 19 (40.938413 318.999868 16 ) (40.680164 80 16 ) (40.680164 80 101.194324 ) (40.938413 318.999868 99.796267 ) 
4 12 17 (40.939493 320 99.790417 ) (40.939493 320 16 ) (40.938969 319.515059 16 ) (40.938969 319.515059 99.793254 ) 
4 12 13 (40.939493 320 123.181375 ) (40.939493 320 99.790417 ) (40.680164 80 101.194324 ) (40.680164 80 123.181375 ) 
3 13 22 (40.680164 80 101.194324 ) (40.680164 80 123.181375 ) (16.442199 80 123.181375 ) 
4 13 19 (40.938413 318.999868 99.796267 ) (40.680164 80 101.194324 ) (25.035218 80 115.386366 ) (23.751893 319.072857 115.386366 ) 
4 13 17 (23.746916 320 115.386366 ) (40.939493 320 99.790417 ) (40.938969 319.515059 99.793254 ) (23.749087 319.595607 115.386366 ) 
4 13 15 (15.153897 320 123.181375 ) (23.746916 320 115.386366 ) (25.035218 80 115.386366 ) (16.442199 80 123.181375 ) 
3 14 22 (-17.931890 80 123.181375 ) (-32 80 123.181375 ) (-32 80 110.420330 ) 
3 14 18 (-45 319.914811 99.796348 ) (-45 319.917753 99.796348 ) (-31.995914 319.856818 111.591946 ) 
4 14 19 (-43.712155 80 99.796348 ) (-44.997048 319.364824 99.796348 ) (-27.809797 319.291832 115.386381 ) (-26.797937 80 115.139071 ) 
4 14 17 (-45 319.917753 99.796348 ) (-45.000457 320 99.796348 ) (-27.812791 320 115.387112 ) (-27.812103 319.837214 115.386944 ) 
4 14 16 (-27.812791 320 115.387112 ) (-19.220192 320 123.181375 ) (-17.931890 80 123.181375 ) (-26.797937 80 115.139071 ) 
4 14 20 (-43.712155 80 123.181375 ) (-45.000457 320 123.181375 ) (-45.000457 320 99.796348 ) (-43.712155 80 99.796348 ) 
3 15 22 (25.035218 80 115.386366 ) (16.442199 80 123.181375 ) (7.848375 80 123.181375 ) 
4 15 19 (23.751893 319.072857 115.386366 ) (25.035218 80 115.386366 ) (7.848375 80 123.181375 ) (6.564658 319.145849 123.181375 ) 
4 15 17 (6.560073 320 123.181375 ) (23.746916 320 115.386366 ) (23.749087 319.595607 115.386366 ) (6.561811 319.676144 123.181375 ) 
3 16 22 (-9.065783 80 123.181375 ) (-17.931890 80 123.181375 ) (-26.797937 80 115.139071 ) 
4 16 19 (-26.797937 80 115.139071 ) (-27.809797 319.291832 115.386381 ) (-10.622451 319.218840 123.181375 ) (-9.065783 80 123.181375 ) 
4 16 17 (-27.812103 319.837214 115.386944 ) (-27.812791 320 115.387112 ) (-10.627534 320 123.181375 ) (-10.625951 319.756683 123.181375 ) 
4 17 18 (-45 319.917753 16 ) (-31.995914 319.856818 16 ) (-31.995914 319.856818 111.591946 ) (-45 319.917753 99.796348 ) 
4 17 20 (-45.000457 320 99.796348 ) (-45.000457 320 16 ) (-45 319.917753 16 ) (-45 319.917753 99.796348 ) 
4 18 20 (-45 319.917753 16 ) (-45 319.914811 16 ) (-45 319.914811 99.796348 ) (-45 319.917753 99.796348 ) 
8 19 22 (-32 80 16 ) (40.680164 80 16 ) (40.680164 80 101.194324 ) (25.035218 80 115.386366 ) (7.848375 80 123.181375 ) (-9.065783 80 123.181375 ) (-26.797937 80 115.139071 ) (-32 80 110.420330 ) 
4 19 20 (-44.997048 319.364824 16 ) (-43.712155 80 16 ) (-43.712155 80 99.796348 ) (-44.997048 319.364824 99.796348 ) 
4 20 56 (-80 320 123.181375 ) (-80 320 16 ) (-80 80 16 ) (-80 80 123.181375 ) 
4 20 35 (-80 80 123.181375 ) (-80 80 16 ) (-48 80 16 ) (-48 80 123.181375 ) 
4 21 30 (-10.809797 1.291832 163.386381 ) (-10.812103 1.837214 163.386944 ) (6.374049 1.756683 171.181375 ) (6.377549 1.218840 171.181375 ) 
4 21 29 (-10.812103 1.837214 163.386944 ) (-10.812107 1.838160 163.386945 ) (6.374018 1.761518 171.181375 ) (6.374049 1.756683 171.181375 ) 
4 21 27 (-10.812107 1.838160 163.386945 ) (-11.007305 48 163.434654 ) (6.073130 48 171.181375 ) (6.374018 1.761518 171.181375 ) 
4 21 31 (6.385480 0 171.181375 ) (-10.804334 0 163.385045 ) (-10.809797 1.291832 163.386381 ) (6.377549 1.218840 171.181375 ) 
4 21 24 (16.697522 48 176 ) (17.009872 0 176 ) (6.385480 0 171.181375 ) (6.073130 48 171.181375 ) 
4 21 23 (-10.804334 0 163.385045 ) (-32 0 153.771887 ) (-32 48 153.913552 ) (-11.007305 48 163.434654 ) 
4 21 22 (-32 80 154.007995 ) (16.489289 80 176 ) (16.697522 48 176 ) (-32 48 153.913552 ) 
4 22 34 (-32 48 48 ) (-32 48 32 ) (64 48 32 ) (64 48 48 ) 
4 22 33 (-32 48 64 ) (-32 48 48 ) (64 48 48 ) (64 48 64 ) 
7 22 27 (-28.247382 48 64 ) (57.989198 48 64 ) (57.989198 48 147.521335 ) (31.906972 48 171.181375 ) (6.073130 48 171.181375 ) (-11.007305 48 163.434654 ) (-28.247382 48 147.796348 ) 
3 22 26 (57.989198 48 147.521335 ) (57.989198 48 171.181375 ) (31.906972 48 171.181375 ) 
4 22 25 (57.989198 48 64 ) (64 48 64 ) (64 48 171.181375 ) (57.989198 48 171.181375 ) 
4 22 32 (-32 48 144.392385 ) (-32 48 64 ) (-28.247382 48 64 ) (-28.247382 48 147.796348 ) 
4 22 24 (64 48 171.181375 ) (64 48 176 ) (16.697522 48 176 ) (6.073130 48 171.181375 ) 
3 22 23 (-32 48 153.913552 ) (-32 48 144.392385 ) (-11.007305 48 163.434654 ) 
5 23 30 (-10.812103 1.837214 163.386944 ) (-10.809797 1.291832 163.386381 ) (-27.997048 1.364824 147.796348 ) (-28 1.914811 147.796348 ) (-14.995914 1.856818 159.591946 ) 
3 23 29 (-10.812107 1.838160 163.386945 ) (-10.812103 1.837214 163.386944 ) (-14.995914 1.856818 159.591946 ) 
4 23 27 (-28.247382 48 147.796348 ) (-11.007305 48 163.434654 ) (-10.812107 1.838160 163.386945 ) (-28 1.914811 147.796348 ) 
4 23 31 (-10.809797 1.291832 163.386381 ) (-10.804334 0 163.385045 ) (-27.989721 0 147.796348 ) (-27.997048 1.364824 147.796348 ) 
4 23 32 (-32 48 144.392385 ) (-28.247382 48 147.796348 ) (-27.989721 0 147.796348 ) (-32 0 144.158663 ) 
4 24 30 (6.377549 1.218840 171.181375 ) (6.374049 1.756683 171.181375 ) (23.561811 1.676144 171.181375 ) (23.564658 1.145849 171.181375 ) 
4 24 29 (6.374049 1.756683 171.181375 ) (6.374018 1.761518 171.181375 ) (23.561764 1.684868 171.181375 ) (23.561811 1.676144 171.181375 ) 
4 24 28 (23.561764 1.684868 171.181375 ) (32.155794 1.646542 171.181375 ) (32.158677 1.109351 171.181375 ) (23.564658 1.145849 171.181375 ) 
4 24 27 (6.374018 1.761518 171.181375 ) (6.073130 48 171.181375 ) (31.906972 48 171.181375 ) (32.155794 1.646542 171.181375 ) 
4 24 26 (31.906972 48 171.181375 ) (57.989198 48 171.181375 ) (57.938413 0.999868 171.181375 ) (32.158677 1.109351 171.181375 ) 
4 24 31 (57.937332 0 171.181375 ) (6.385480 0 171.181375 ) (6.377549 1.218840 171.181375 ) (57.938413 0.999868 171.181375 ) 
4 24 25 (64 48 171.181375 ) (64 0 171.181375 ) (57.937332 0 171.181375 ) (57.989198 48 171.181375 ) 
4 25 33 (57.954621 16 64 ) (57.989198 48 64 ) (64 48 64 ) (64 16 64 ) 
4 25 30 (57.938969 1.515059 64 ) (57.938413 0.999868 64 ) (57.938413 0.999868 147.796267 ) (57.938969 1.515059 147.793254 ) 
4 25 29 (57.938987 1.531560 64 ) (57.938969 1.515059 64 ) (57.938969 1.515059 147.793254 ) (57.938987 1.531560 147.793157 ) 
4 25 27 (57.989198 48 147.521335 ) (57.989198 48 64 ) (57.938987 1.531560 64 ) (57.938987 1.531560 147.793157 ) 
4 25 26 (57.938413 0.999868 171.181375 ) (57.989198 48 171.181375 ) (57.989198 48 147.521335 ) (57.938413 0.999868 147.796267 ) 
4 25 31 (57.937332 0 64 ) (57.937332 0 171.181375 ) (57.938413 0.999868 171.181375 ) (57.938413 0.999868 64 ) 
4 26 30 (57.938969 1.515059 147.793254 ) (57.938413 0.999868 147.796267 ) (40.751893 1.072857 163.386366 ) (40.749087 1.595607 163.386366 ) 
4 26 29 (57.938987 1.531560 147.793157 ) (57.938969 1.515059 147.793254 ) (40.749087 1.595607 163.386366 ) (40.749019 1.608220 163.386366 ) 
4 26 28 (40.751893 1.072857 163.386366 ) (32.158677 1.109351 171.181375 ) (32.155794 1.646542 171.181375 ) (40.749019 1.608220 163.386366 ) 
4 26 27 (57.989198 48 147.521335 ) (57.938987 1.531560 147.793157 ) (32.155794 1.646542 171.181375 ) (31.906972 48 171.181375 ) 
3 26 31 (57.938413 0.999868 147.796267 ) (57.938413 0.999868 171.181375 ) (32.158677 1.109351 171.181375 ) 
4 27 33 (-28.075608 16 64 ) (-28.247382 48 64 ) (57.989198 48 64 ) (57.954621 16 64 ) 
4 27 30 (-28 1.914811 147.796348 ) (-28 1.914811 64 ) (-14.995914 1.856818 64 ) (-14.995914 1.856818 159.591946 ) 
8 27 29 (-14.995914 1.856818 64 ) (57.938987 1.531560 64 ) (57.938987 1.531560 147.793157 ) (40.749019 1.608220 163.386366 ) (23.561764 1.684868 171.181375 ) (6.374018 1.761518 171.181375 ) (-10.812107 1.838160 163.386945 ) (-14.995914 1.856818 159.591946 ) 
3 27 28 (40.749019 1.608220 163.386366 ) (32.155794 1.646542 171.181375 ) (23.561764 1.684868 171.181375 ) 
4 27 32 (-28.247382 48 64 ) (-28 1.914811 64 ) (-28 1.914811 147.796348 ) (-28.247382 48 147.796348 ) 
4 28 30 (40.749087 1.595607 163.386366 ) (40.751893 1.072857 163.386366 ) (23.564658 1.145849 171.181375 ) (23.561811 1.676144 171.181375 ) 
4 28 29 (40.749019 1.608220 163.386366 ) (40.749087 1.595607 163.386366 ) (23.561811 1.676144 171.181375 ) (23.561764 1.684868 171.181375 ) 
3 28 31 (40.751893 1.072857 163.386366 ) (32.158677 1.109351 171.181375 ) (23.564658 1.145849 171.181375 ) 
8 29 30 (-14.995914 1.856818 159.591946 ) (-14.995914 1.856818 64 ) (57.938969 1.515059 64 ) (57.938969 1.515059 147.793254 ) (40.749087 1.595607 163.386366 ) (23.561811 1.676144 171.181375 ) (6.374049 1.756683 171.181375 ) (-10.812103 1.837214 163.386944 ) 
4 30 32 (-28 1.914811 64 ) (-27.997048 1.364824 64 ) (-27.997048 1.364824 147.796348 ) (-28 1.914811 147.796348 ) 
8 30 31 (-27.997048 1.364824 147.796348 ) (-27.997048 1.364824 64 ) (57.938413 0.999868 64 ) (57.938413 0.999868 147.796267 ) (40.751893 1.072857 163.386366 ) (23.564658 1.145849 171.181375 ) (6.377549 1.218840 171.181375 ) (-10.809797 1.291832 163.386381 ) 
4 31 32 (-27.997048 1.364824 64 ) (-27.989721 0 64 ) (-27.989721 0 147.796348 ) (-27.997048 1.364824 147.796348 ) 
4 32 33 (-32 16 64 ) (-32 48 64 ) (-28.247382 48 64 ) (-28.075608 16 64 ) 
4 33 34 (-32 48 48 ) (64 48 48 ) (64 32 48 ) (-32 32 48 ) 
4 35 56 (-80 80 16 ) (-80 0 16 ) (-80 0 176 ) (-80 80 176 ) 
4 35 36 (-80 0 16 ) (-48 0 16 ) (-48 0 176 ) (-80 0 176 ) 
4 36 56 (-80 0 16 ) (-80 -16 16 ) (-80 -16 176 ) (-80 0 176 ) 
4 36 37 (-80 -16 176 ) (-80 -16 16 ) (-48 -16 16 ) (-48 -16 176 ) 
4 37 56 (-80 -16 16 ) (-80 -244 16 ) (-80 -244 176 ) (-80 -16 176 ) 
4 37 53 (-80 -244 16 ) (-32 -244 16 ) (-32 -244 64 ) (-80 -244 64 ) 
4 37 50 (-32 -244 16 ) (16 -244 16 ) (16 -244 64 ) (-32 -244 64 ) 
4 37 49 (16 -244 64 ) (16 -244 128 ) (-80 -244 128 ) (-80 -244 64 ) 
4 37 46 (16 -244 16 ) (64 -244 16 ) (64 -244 64 ) (16 -244 64 ) 
4 37 42 (64 -244 16 ) (80 -244 16 ) (80 -244 64 ) (64 -244 64 ) 
4 37 41 (80 -244 64 ) (80 -244 128 ) (16 -244 128 ) (16 -244 64 ) 
4 37 39 (80 -244 128 ) (80 -244 176 ) (-80 -244 176 ) (-80 -244 128 ) 
4 38 43 (112 -352 32 ) (112 -352 64 ) (112 -350 64 ) (112 -350 32 ) 
4 38 45 (112 -350 16 ) (112 -352 16 ) (112 -352 32 ) (112 -350 32 ) 
4 38 42 (112 -244 64 ) (112 -244 16 ) (112 -350 16 ) (112 -350 64 ) 
4 38 41 (112 -244 128 ) (112 -244 64 ) (112 -352 64 ) (112 -352 128 ) 
4 38 39 (112 -244 176 ) (112 -244 128 ) (112 -288 128 ) (112 -288 176 ) 
4 39 56 (-80 -288 176 ) (-80 -244 176 ) (-80 -244 128 ) (-80 -288 128 ) 
4 39 49 (16 -288 128 ) (-80 -288 128 ) (-80 -244 128 ) (16 -244 128 ) 
4 39 41 (112 -244 128 ) (112 -288 128 ) (16 -288 128 ) (16 -244 128 ) 
4 40 49 (16 -352 128 ) (-64 -352 128 ) (-64 -304 128 ) (16 -304 128 ) 
4 40 41 (96 -352 128 ) (16 -352 128 ) (16 -304 128 ) (96 -304 128 ) 
4 41 49 (16 -352 128 ) (16 -244 128 ) (16 -244 64 ) (16 -352 64 ) 
4 41 47 (64 -350 64 ) (64 -352 64 ) (48 -352 64 ) (48 -350 64 ) 
4 41 46 (16 -244 64 ) (64 -244 64 ) (64 -350 64 ) (16 -350 64 ) 
4 41 43 (112 -350 64 ) (112 -352 64 ) (96 -352 64 ) (96 -350 64 ) 
4 41 42 (64 -244 64 ) (112 -244 64 ) (112 -350 64 ) (64 -350 64 ) 
4 42 46 (64 -244 64 ) (64 -244 16 ) (64 -350 16 ) (64 -350 64 ) 
4 42 44 (80 -350 62 ) (66 -350 48 ) (80 -350 34 ) (94 -350 48 ) 
4 42 43 (112 -350 32 ) (112 -350 64 ) (96 -350 64 ) (96 -350 32 ) 
4 42 45 (64 -350 16 ) (112 -350 16 ) (112 -350 32 ) (64 -350 32 ) 
4 43 45 (112 -352 32 ) (96 -352 32 ) (96 -350 32 ) (112 -350 32 ) 
4 45 48 (64 -350 16 ) (64 -352 16 ) (64 -352 32 ) (64 -350 32 ) 
4 46 50 (16 -244 64 ) (16 -244 16 ) (16 -350 16 ) (16 -350 64 ) 
4 46 47 (64 -350 32 ) (64 -350 64 ) (48 -350 64 ) (48 -350 32 ) 
4 46 48 (16 -350 16 ) (64 -350 16 ) (64 -350 32 ) (16 -350 32 ) 
4 47 48 (64 -352 32 ) (48 -352 32 ) (48 -350 32 ) (64 -350 32 ) 
4 48 52 (16 -350 16 ) (16 -352 16 ) (16 -352 32 ) (16 -350 32 ) 
4 49 57 (-80 -352 64 ) (-80 -352 128 ) (-80 -350 128 ) (-80 -350 64 ) 
4 49 56 (-80 -350 128 ) (-80 -244 128 ) (-80 -244 64 ) (-80 -350 64 ) 
4 49 54 (-32 -352 64 ) (-48 -352 64 ) (-48 -350 64 ) (-32 -350 64 ) 
4 49 53 (-80 -350 64 ) (-80 -244 64 ) (-32 -244 64 ) (-32 -350 64 ) 
4 49 51 (16 -350 64 ) (16 -352 64 ) (0 -352 64 ) (0 -350 64 ) 
4 49 50 (16 -244 64 ) (16 -350 64 ) (-32 -350 64 ) (-32 -244 64 ) 
4 50 53 (-32 -244 64 ) (-32 -244 16 ) (-32 -350 16 ) (-32 -350 64 ) 
4 50 51 (16 -350 32 ) (16 -350 64 ) (0 -350 64 ) (0 -350 32 ) 
4 50 52 (-32 -350 16 ) (16 -350 16 ) (16 -350 32 ) (-32 -350 32 ) 
4 51 52 (16 -352 32 ) (0 -352 32 ) (0 -350 32 ) (16 -350 32 ) 
4 52 55 (-32 -350 16 ) (-32 -352 16 ) (-32 -352 32 ) (-32 -350 32 ) 
4 53 56 (-80 -244 16 ) (-80 -350 16 ) (-80 -350 64 ) (-80 -244 64 ) 
4 53 54 (-32 -350 32 ) (-32 -350 64 ) (-48 -350 64 ) (-48 -350 32 ) 
4 53 55 (-80 -350 16 ) (-32 -350 16 ) (-32 -350 32 ) (-80 -350 32 ) 
4 54 55 (-32 -352 32 ) (-48 -352 32 ) (-48 -350 32 ) (-32 -350 32 ) 
4 55 57 (-80 -350 16 ) (-80 -352 16 ) (-80 -352 32 ) (-80 -350 32 ) 
4 56 59 (-372 -350 16 ) (-340 -350 16 ) (-340 -350 32 ) (-372 -350 32 ) 
4 56 60 (-400 -350 64 ) (-400 -350 16 ) (-372 -350 16 ) (-372 -350 64 ) 
4 56 58 (-340 -350 176 ) (-400 -350 176 ) (-400 -350 64 ) (-340 -350 64 ) 
4 56 57 (-80 -350 16 ) (-80 -350 176 ) (-340 -350 176 ) (-340 -350 16 ) 
4 57 59 (-340 -350 16 ) (-340 -352 16 ) (-340 -352 32 ) (-340 -350 32 ) 
4 57 58 (-340 -352 64 ) (-340 -352 176 ) (-340 -350 176 ) (-340 -350 64 ) 
4 58 60 (-372 -352 64 ) (-400 -352 64 ) (-400 -350 64 ) (-372 -350 64 ) 
4 59 60 (-372 -350 32 ) (-372 -350 16 ) (-372 -352 16 ) (-372 -352 32 ) 
